mode: set
github.com/nutsdb/nutsdb/batch.go:27.52,36.2 4 0
github.com/nutsdb/nutsdb/batch.go:41.50,43.2 1 0
github.com/nutsdb/nutsdb/batch.go:45.38,51.45 5 0
github.com/nutsdb/nutsdb/batch.go:51.45,53.3 1 0
github.com/nutsdb/nutsdb/batch.go:55.2,55.12 1 0
github.com/nutsdb/nutsdb/batch.go:58.79,64.16 5 0
github.com/nutsdb/nutsdb/batch.go:64.16,67.3 2 0
github.com/nutsdb/nutsdb/batch.go:69.2,69.30 1 0
github.com/nutsdb/nutsdb/batch.go:69.30,72.3 2 0
github.com/nutsdb/nutsdb/batch.go:74.2,75.38 2 0
github.com/nutsdb/nutsdb/batch.go:75.38,77.3 1 0
github.com/nutsdb/nutsdb/batch.go:79.2,79.12 1 0
github.com/nutsdb/nutsdb/batch.go:83.63,89.16 5 0
github.com/nutsdb/nutsdb/batch.go:89.16,92.3 2 0
github.com/nutsdb/nutsdb/batch.go:94.2,94.30 1 0
github.com/nutsdb/nutsdb/batch.go:94.30,97.3 2 0
github.com/nutsdb/nutsdb/batch.go:99.2,100.38 2 0
github.com/nutsdb/nutsdb/batch.go:100.38,102.3 1 0
github.com/nutsdb/nutsdb/batch.go:104.2,104.12 1 0
github.com/nutsdb/nutsdb/batch.go:107.38,108.35 1 0
github.com/nutsdb/nutsdb/batch.go:108.35,110.3 1 0
github.com/nutsdb/nutsdb/batch.go:112.2,112.17 1 0
github.com/nutsdb/nutsdb/batch.go:112.17,114.3 1 0
github.com/nutsdb/nutsdb/batch.go:116.2,116.41 1 0
github.com/nutsdb/nutsdb/batch.go:116.41,119.3 2 0
github.com/nutsdb/nutsdb/batch.go:121.2,126.16 4 0
github.com/nutsdb/nutsdb/batch.go:126.16,128.3 1 0
github.com/nutsdb/nutsdb/batch.go:130.2,130.19 1 0
github.com/nutsdb/nutsdb/batch.go:133.43,136.16 2 0
github.com/nutsdb/nutsdb/batch.go:136.16,138.3 1 0
github.com/nutsdb/nutsdb/batch.go:139.2,139.35 1 0
github.com/nutsdb/nutsdb/batch.go:139.35,141.3 1 0
github.com/nutsdb/nutsdb/batch.go:143.2,143.19 1 0
github.com/nutsdb/nutsdb/batch.go:146.37,149.16 3 0
github.com/nutsdb/nutsdb/batch.go:149.16,152.3 2 0
github.com/nutsdb/nutsdb/batch.go:153.2,156.45 4 0
github.com/nutsdb/nutsdb/batch.go:156.45,157.24 1 0
github.com/nutsdb/nutsdb/batch.go:157.24,159.4 1 0
github.com/nutsdb/nutsdb/batch.go:160.3,160.13 1 0
github.com/nutsdb/nutsdb/batch.go:163.2,163.19 1 0
github.com/nutsdb/nutsdb/batch.go:166.37,172.16 6 0
github.com/nutsdb/nutsdb/batch.go:172.16,174.3 1 0
github.com/nutsdb/nutsdb/batch.go:175.2,176.12 2 0
github.com/nutsdb/nutsdb/batch.go:180.37,184.2 2 0
github.com/nutsdb/nutsdb/bucket.go:28.13,30.2 1 1
github.com/nutsdb/nutsdb/bucket.go:56.46,64.2 7 0
github.com/nutsdb/nutsdb/bucket.go:67.34,81.2 12 0
github.com/nutsdb/nutsdb/bucket.go:84.45,93.2 7 0
github.com/nutsdb/nutsdb/bucket.go:95.37,97.2 1 0
github.com/nutsdb/nutsdb/bucket.go:99.66,103.2 3 0
github.com/nutsdb/nutsdb/bucket.go:105.39,107.2 1 0
github.com/nutsdb/nutsdb/bucket_manager.go:29.59,37.16 5 0
github.com/nutsdb/nutsdb/bucket_manager.go:37.16,39.3 1 0
github.com/nutsdb/nutsdb/bucket_manager.go:40.2,41.16 2 0
github.com/nutsdb/nutsdb/bucket_manager.go:41.16,43.3 1 0
github.com/nutsdb/nutsdb/bucket_manager.go:44.2,46.16 3 0
github.com/nutsdb/nutsdb/bucket_manager.go:55.87,57.27 2 0
github.com/nutsdb/nutsdb/bucket_manager.go:57.27,61.54 3 0
github.com/nutsdb/nutsdb/bucket_manager.go:61.54,63.4 1 0
github.com/nutsdb/nutsdb/bucket_manager.go:65.3,66.29 2 0
github.com/nutsdb/nutsdb/bucket_manager.go:67.30,69.62 2 0
github.com/nutsdb/nutsdb/bucket_manager.go:70.30,71.45 1 0
github.com/nutsdb/nutsdb/bucket_manager.go:71.45,73.5 1 0
github.com/nutsdb/nutsdb/bucket_manager.go:73.10,75.5 1 0
github.com/nutsdb/nutsdb/bucket_manager.go:76.4,76.46 1 0
github.com/nutsdb/nutsdb/bucket_manager.go:79.2,80.12 2 0
github.com/nutsdb/nutsdb/bucket_manager.go:87.38,90.2 2 0
github.com/nutsdb/nutsdb/bucket_manager.go:92.53,93.25 1 0
github.com/nutsdb/nutsdb/bucket_manager.go:93.25,95.3 1 0
github.com/nutsdb/nutsdb/bucket_manager.go:98.67,100.33 2 0
github.com/nutsdb/nutsdb/bucket_manager.go:100.33,102.3 1 0
github.com/nutsdb/nutsdb/bucket_manager.go:103.2,103.14 1 0
github.com/nutsdb/nutsdb/bucket_manager.go:106.83,108.24 2 0
github.com/nutsdb/nutsdb/bucket_manager.go:108.24,110.3 1 0
github.com/nutsdb/nutsdb/bucket_manager.go:112.2,112.41 1 0
github.com/nutsdb/nutsdb/bucket_manager.go:112.41,113.48 1 0
github.com/nutsdb/nutsdb/bucket_manager.go:113.48,115.4 1 0
github.com/nutsdb/nutsdb/bucket_manager.go:115.9,117.4 1 0
github.com/nutsdb/nutsdb/bucket_manager.go:118.8,120.3 1 0
github.com/nutsdb/nutsdb/bucket_manager.go:123.70,124.53 1 0
github.com/nutsdb/nutsdb/bucket_manager.go:124.53,126.3 1 0
github.com/nutsdb/nutsdb/bucket_manager.go:126.8,128.3 1 0
github.com/nutsdb/nutsdb/bucket_manager.go:131.80,132.55 1 0
github.com/nutsdb/nutsdb/bucket_manager.go:132.55,134.3 1 0
github.com/nutsdb/nutsdb/bucket_manager.go:134.8,136.3 1 0
github.com/nutsdb/nutsdb/datafile.go:48.69,54.2 2 0
github.com/nutsdb/nutsdb/datafile.go:58.81,61.43 2 0
github.com/nutsdb/nutsdb/datafile.go:61.43,63.3 1 0
github.com/nutsdb/nutsdb/datafile.go:64.2,66.64 2 0
github.com/nutsdb/nutsdb/datafile.go:66.64,68.3 1 0
github.com/nutsdb/nutsdb/datafile.go:70.2,72.16 3 0
github.com/nutsdb/nutsdb/datafile.go:72.16,74.3 1 0
github.com/nutsdb/nutsdb/datafile.go:77.2,79.16 2 0
github.com/nutsdb/nutsdb/datafile.go:79.16,81.3 1 0
github.com/nutsdb/nutsdb/datafile.go:83.2,83.56 1 0
github.com/nutsdb/nutsdb/datafile.go:83.56,85.3 1 0
github.com/nutsdb/nutsdb/datafile.go:87.2,88.16 2 0
github.com/nutsdb/nutsdb/datafile.go:88.16,90.3 1 0
github.com/nutsdb/nutsdb/datafile.go:92.2,93.23 2 0
github.com/nutsdb/nutsdb/datafile.go:93.23,95.3 1 0
github.com/nutsdb/nutsdb/datafile.go:97.2,97.8 1 0
github.com/nutsdb/nutsdb/datafile.go:102.69,104.2 1 0
github.com/nutsdb/nutsdb/datafile.go:109.40,111.2 1 0
github.com/nutsdb/nutsdb/datafile.go:118.41,120.2 1 0
github.com/nutsdb/nutsdb/datafile.go:122.43,124.2 1 0
github.com/nutsdb/nutsdb/db.go:80.59,84.2 1 0
github.com/nutsdb/nutsdb/db.go:88.55,89.20 1 0
github.com/nutsdb/nutsdb/db.go:89.20,92.17 3 0
github.com/nutsdb/nutsdb/db.go:92.17,94.4 1 0
github.com/nutsdb/nutsdb/db.go:96.2,96.16 1 0
github.com/nutsdb/nutsdb/db.go:100.37,119.51 3 0
github.com/nutsdb/nutsdb/db.go:119.51,120.62 1 0
github.com/nutsdb/nutsdb/db.go:120.62,122.4 1 0
github.com/nutsdb/nutsdb/db.go:125.2,126.47 2 0
github.com/nutsdb/nutsdb/db.go:126.47,128.3 1 0
github.com/nutsdb/nutsdb/db.go:128.8,128.16 1 0
github.com/nutsdb/nutsdb/db.go:128.16,130.3 1 0
github.com/nutsdb/nutsdb/db.go:132.2,134.54 2 0
github.com/nutsdb/nutsdb/db.go:134.54,136.3 1 0
github.com/nutsdb/nutsdb/db.go:136.8,138.3 1 0
github.com/nutsdb/nutsdb/db.go:140.2,140.50 1 0
github.com/nutsdb/nutsdb/db.go:140.50,142.3 1 0
github.com/nutsdb/nutsdb/db.go:144.2,144.50 1 0
github.com/nutsdb/nutsdb/db.go:144.50,146.3 1 0
github.com/nutsdb/nutsdb/db.go:148.2,148.42 1 0
github.com/nutsdb/nutsdb/db.go:148.42,150.3 1 0
github.com/nutsdb/nutsdb/db.go:152.2,159.16 6 0
github.com/nutsdb/nutsdb/db.go:163.56,165.25 2 0
github.com/nutsdb/nutsdb/db.go:165.25,167.3 1 0
github.com/nutsdb/nutsdb/db.go:168.2,168.20 1 0
github.com/nutsdb/nutsdb/db.go:172.51,173.15 1 0
github.com/nutsdb/nutsdb/db.go:173.15,175.3 1 0
github.com/nutsdb/nutsdb/db.go:177.2,177.29 1 0
github.com/nutsdb/nutsdb/db.go:181.49,182.15 1 0
github.com/nutsdb/nutsdb/db.go:182.15,184.3 1 0
github.com/nutsdb/nutsdb/db.go:186.2,186.30 1 0
github.com/nutsdb/nutsdb/db.go:190.40,191.36 1 0
github.com/nutsdb/nutsdb/db.go:191.36,193.3 1 0
github.com/nutsdb/nutsdb/db.go:197.46,198.36 1 0
github.com/nutsdb/nutsdb/db.go:198.36,200.3 1 0
github.com/nutsdb/nutsdb/db.go:204.29,208.15 3 0
github.com/nutsdb/nutsdb/db.go:208.15,210.3 1 0
github.com/nutsdb/nutsdb/db.go:212.2,215.16 3 0
github.com/nutsdb/nutsdb/db.go:215.16,217.3 1 0
github.com/nutsdb/nutsdb/db.go:219.2,219.12 1 0
github.com/nutsdb/nutsdb/db.go:223.31,227.16 3 0
github.com/nutsdb/nutsdb/db.go:227.16,229.3 1 0
github.com/nutsdb/nutsdb/db.go:231.2,237.16 4 0
github.com/nutsdb/nutsdb/db.go:237.16,239.3 1 0
github.com/nutsdb/nutsdb/db.go:241.2,243.24 2 0
github.com/nutsdb/nutsdb/db.go:243.24,245.3 1 0
github.com/nutsdb/nutsdb/db.go:247.2,248.16 2 0
github.com/nutsdb/nutsdb/db.go:248.16,250.3 1 0
github.com/nutsdb/nutsdb/db.go:252.2,260.14 5 0
github.com/nutsdb/nutsdb/db.go:260.14,262.3 1 0
github.com/nutsdb/nutsdb/db.go:264.2,264.12 1 0
github.com/nutsdb/nutsdb/db.go:267.69,268.19 1 0
github.com/nutsdb/nutsdb/db.go:268.19,270.3 1 0
github.com/nutsdb/nutsdb/db.go:272.2,272.25 1 0
github.com/nutsdb/nutsdb/db.go:272.25,274.3 1 0
github.com/nutsdb/nutsdb/db.go:277.2,277.43 1 0
github.com/nutsdb/nutsdb/db.go:277.43,278.68 1 0
github.com/nutsdb/nutsdb/db.go:278.68,280.4 1 0
github.com/nutsdb/nutsdb/db.go:283.2,285.16 3 0
github.com/nutsdb/nutsdb/db.go:285.16,287.3 1 0
github.com/nutsdb/nutsdb/db.go:288.2,288.41 1 0
github.com/nutsdb/nutsdb/db.go:288.41,290.17 2 0
github.com/nutsdb/nutsdb/db.go:290.17,292.4 1 0
github.com/nutsdb/nutsdb/db.go:295.2,297.16 3 0
github.com/nutsdb/nutsdb/db.go:297.16,299.3 1 0
github.com/nutsdb/nutsdb/db.go:302.2,302.43 1 0
github.com/nutsdb/nutsdb/db.go:302.43,304.3 1 0
github.com/nutsdb/nutsdb/db.go:306.2,306.24 1 0
github.com/nutsdb/nutsdb/db.go:309.47,311.15 2 0
github.com/nutsdb/nutsdb/db.go:311.15,313.31 2 0
github.com/nutsdb/nutsdb/db.go:313.31,316.4 1 0
github.com/nutsdb/nutsdb/db.go:317.3,317.29 1 0
github.com/nutsdb/nutsdb/db.go:317.29,318.56 1 0
github.com/nutsdb/nutsdb/db.go:318.56,320.5 1 0
github.com/nutsdb/nutsdb/db.go:325.2,328.16 4 0
github.com/nutsdb/nutsdb/db.go:328.16,330.3 1 0
github.com/nutsdb/nutsdb/db.go:332.2,332.12 1 0
github.com/nutsdb/nutsdb/db.go:335.52,337.20 2 0
github.com/nutsdb/nutsdb/db.go:337.20,339.3 1 0
github.com/nutsdb/nutsdb/db.go:341.2,341.26 1 0
github.com/nutsdb/nutsdb/db.go:341.26,342.26 1 0
github.com/nutsdb/nutsdb/db.go:342.26,345.4 2 0
github.com/nutsdb/nutsdb/db.go:348.2,348.27 1 0
github.com/nutsdb/nutsdb/db.go:348.27,351.18 3 0
github.com/nutsdb/nutsdb/db.go:351.18,353.4 1 0
github.com/nutsdb/nutsdb/db.go:356.2,357.12 2 0
github.com/nutsdb/nutsdb/db.go:361.40,363.2 1 0
github.com/nutsdb/nutsdb/db.go:366.39,368.2 1 0
github.com/nutsdb/nutsdb/db.go:370.46,372.2 1 0
github.com/nutsdb/nutsdb/db.go:374.50,376.2 1 0
github.com/nutsdb/nutsdb/db.go:379.50,381.2 1 0
github.com/nutsdb/nutsdb/db.go:383.26,385.41 2 0
github.com/nutsdb/nutsdb/db.go:385.41,386.48 1 0
github.com/nutsdb/nutsdb/db.go:386.48,388.4 1 0
github.com/nutsdb/nutsdb/db.go:389.3,389.14 1 0
github.com/nutsdb/nutsdb/db.go:392.2,395.6 4 0
github.com/nutsdb/nutsdb/db.go:395.6,397.10 2 0
github.com/nutsdb/nutsdb/db.go:397.10,398.19 1 0
github.com/nutsdb/nutsdb/db.go:401.3,401.7 1 0
github.com/nutsdb/nutsdb/db.go:401.7,404.40 2 0
github.com/nutsdb/nutsdb/db.go:404.40,406.19 2 0
github.com/nutsdb/nutsdb/db.go:409.4,409.11 1 0
github.com/nutsdb/nutsdb/db.go:411.30,412.12 1 0
github.com/nutsdb/nutsdb/db.go:412.12,413.21 1 0
github.com/nutsdb/nutsdb/db.go:415.33,416.19 1 0
github.com/nutsdb/nutsdb/db.go:420.2,423.7 1 0
github.com/nutsdb/nutsdb/db.go:423.7,424.11 1 0
github.com/nutsdb/nutsdb/db.go:425.26,426.27 1 0
github.com/nutsdb/nutsdb/db.go:427.12,430.11 3 0
github.com/nutsdb/nutsdb/db.go:435.3,436.33 2 0
github.com/nutsdb/nutsdb/db.go:441.43,444.16 3 0
github.com/nutsdb/nutsdb/db.go:444.16,446.3 1 0
github.com/nutsdb/nutsdb/db.go:448.2,450.12 2 0
github.com/nutsdb/nutsdb/db.go:454.79,456.16 2 0
github.com/nutsdb/nutsdb/db.go:456.16,458.3 1 0
github.com/nutsdb/nutsdb/db.go:460.2,460.22 1 0
github.com/nutsdb/nutsdb/db.go:460.22,462.3 1 0
github.com/nutsdb/nutsdb/db.go:464.2,468.26 4 0
github.com/nutsdb/nutsdb/db.go:468.26,469.47 1 0
github.com/nutsdb/nutsdb/db.go:469.47,469.89 1 0
github.com/nutsdb/nutsdb/db.go:472.2,472.27 1 0
github.com/nutsdb/nutsdb/db.go:472.27,474.3 1 0
github.com/nutsdb/nutsdb/db.go:476.2,476.31 1 0
github.com/nutsdb/nutsdb/db.go:479.63,487.32 2 0
github.com/nutsdb/nutsdb/db.go:487.32,488.37 1 0
github.com/nutsdb/nutsdb/db.go:488.37,493.82 2 0
github.com/nutsdb/nutsdb/db.go:493.82,494.13 1 0
github.com/nutsdb/nutsdb/db.go:497.4,499.61 2 0
github.com/nutsdb/nutsdb/db.go:499.61,501.5 1 0
github.com/nutsdb/nutsdb/db.go:503.4,503.17 1 0
github.com/nutsdb/nutsdb/db.go:506.3,506.13 1 0
github.com/nutsdb/nutsdb/db.go:509.2,509.38 1 0
github.com/nutsdb/nutsdb/db.go:509.38,510.7 1 0
github.com/nutsdb/nutsdb/db.go:510.7,512.18 2 0
github.com/nutsdb/nutsdb/db.go:512.18,515.184 2 0
github.com/nutsdb/nutsdb/db.go:515.184,516.11 1 0
github.com/nutsdb/nutsdb/db.go:518.5,518.34 1 0
github.com/nutsdb/nutsdb/db.go:518.34,519.11 1 0
github.com/nutsdb/nutsdb/db.go:522.5,522.15 1 0
github.com/nutsdb/nutsdb/db.go:525.4,525.20 1 0
github.com/nutsdb/nutsdb/db.go:525.20,526.10 1 0
github.com/nutsdb/nutsdb/db.go:529.4,534.26 2 0
github.com/nutsdb/nutsdb/db.go:534.26,538.5 3 0
github.com/nutsdb/nutsdb/db.go:538.10,538.51 1 0
github.com/nutsdb/nutsdb/db.go:538.51,540.5 1 0
github.com/nutsdb/nutsdb/db.go:542.4,542.38 1 0
github.com/nutsdb/nutsdb/db.go:542.38,544.19 2 0
github.com/nutsdb/nutsdb/db.go:544.19,546.6 1 0
github.com/nutsdb/nutsdb/db.go:547.5,548.28 2 0
github.com/nutsdb/nutsdb/db.go:551.4,551.45 1 0
github.com/nutsdb/nutsdb/db.go:551.45,554.5 2 0
github.com/nutsdb/nutsdb/db.go:556.4,556.23 1 0
github.com/nutsdb/nutsdb/db.go:559.3,559.26 1 0
github.com/nutsdb/nutsdb/db.go:559.26,562.4 2 0
github.com/nutsdb/nutsdb/db.go:564.3,564.13 1 0
github.com/nutsdb/nutsdb/db.go:567.2,567.37 1 0
github.com/nutsdb/nutsdb/db.go:567.37,572.28 3 0
github.com/nutsdb/nutsdb/db.go:572.28,575.18 2 0
github.com/nutsdb/nutsdb/db.go:575.18,577.13 1 0
github.com/nutsdb/nutsdb/db.go:582.3,584.17 3 0
github.com/nutsdb/nutsdb/db.go:584.17,586.4 1 0
github.com/nutsdb/nutsdb/db.go:587.3,588.17 2 0
github.com/nutsdb/nutsdb/db.go:588.17,590.4 1 0
github.com/nutsdb/nutsdb/db.go:594.2,595.8 2 0
github.com/nutsdb/nutsdb/db.go:599.53,603.53 2 0
github.com/nutsdb/nutsdb/db.go:603.53,605.3 1 0
github.com/nutsdb/nutsdb/db.go:607.2,608.46 2 0
github.com/nutsdb/nutsdb/db.go:608.46,610.3 1 0
github.com/nutsdb/nutsdb/db.go:611.2,611.15 1 0
github.com/nutsdb/nutsdb/db.go:611.15,612.40 1 0
github.com/nutsdb/nutsdb/db.go:612.40,615.4 1 0
github.com/nutsdb/nutsdb/db.go:619.2,619.6 1 0
github.com/nutsdb/nutsdb/db.go:619.6,621.17 2 0
github.com/nutsdb/nutsdb/db.go:621.17,622.21 1 0
github.com/nutsdb/nutsdb/db.go:622.21,623.10 1 0
github.com/nutsdb/nutsdb/db.go:625.4,625.21 1 0
github.com/nutsdb/nutsdb/db.go:628.3,628.23 1 0
github.com/nutsdb/nutsdb/db.go:628.23,629.12 1 0
github.com/nutsdb/nutsdb/db.go:633.3,634.81 2 0
github.com/nutsdb/nutsdb/db.go:634.81,635.12 1 0
github.com/nutsdb/nutsdb/db.go:639.3,667.53 8 0
github.com/nutsdb/nutsdb/db.go:667.53,669.18 2 0
github.com/nutsdb/nutsdb/db.go:669.18,672.13 1 0
github.com/nutsdb/nutsdb/db.go:674.4,675.27 2 0
github.com/nutsdb/nutsdb/db.go:676.9,676.57 1 0
github.com/nutsdb/nutsdb/db.go:676.57,679.82 1 0
github.com/nutsdb/nutsdb/db.go:679.82,681.19 2 0
github.com/nutsdb/nutsdb/db.go:681.19,682.14 1 0
github.com/nutsdb/nutsdb/db.go:684.5,684.27 1 0
github.com/nutsdb/nutsdb/db.go:690.3,690.54 1 0
github.com/nutsdb/nutsdb/db.go:690.54,691.12 1 0
github.com/nutsdb/nutsdb/db.go:694.3,694.16 1 0
github.com/nutsdb/nutsdb/db.go:697.2,697.18 1 0
github.com/nutsdb/nutsdb/db.go:700.47,704.43 2 0
github.com/nutsdb/nutsdb/db.go:704.43,706.3 1 0
github.com/nutsdb/nutsdb/db.go:709.2,709.45 1 0
github.com/nutsdb/nutsdb/db.go:709.45,710.35 1 0
github.com/nutsdb/nutsdb/db.go:710.35,712.18 2 0
github.com/nutsdb/nutsdb/db.go:712.18,714.5 1 0
github.com/nutsdb/nutsdb/db.go:715.4,715.24 1 0
github.com/nutsdb/nutsdb/db.go:720.2,720.43 1 0
github.com/nutsdb/nutsdb/db.go:720.43,721.30 1 0
github.com/nutsdb/nutsdb/db.go:721.30,723.4 1 0
github.com/nutsdb/nutsdb/db.go:727.2,727.50 1 0
github.com/nutsdb/nutsdb/db.go:727.50,728.31 1 0
github.com/nutsdb/nutsdb/db.go:728.31,730.18 2 0
github.com/nutsdb/nutsdb/db.go:730.18,732.5 1 0
github.com/nutsdb/nutsdb/db.go:733.4,733.24 1 0
github.com/nutsdb/nutsdb/db.go:737.2,737.17 1 0
github.com/nutsdb/nutsdb/db.go:740.70,744.16 3 0
github.com/nutsdb/nutsdb/db.go:744.16,746.3 1 0
github.com/nutsdb/nutsdb/db.go:747.2,751.55 3 0
github.com/nutsdb/nutsdb/db.go:751.55,754.3 2 0
github.com/nutsdb/nutsdb/db.go:754.8,755.29 1 0
github.com/nutsdb/nutsdb/db.go:755.29,757.4 1 0
github.com/nutsdb/nutsdb/db.go:757.9,759.4 1 0
github.com/nutsdb/nutsdb/db.go:760.3,760.41 1 0
github.com/nutsdb/nutsdb/db.go:762.2,762.12 1 0
github.com/nutsdb/nutsdb/db.go:765.67,767.17 2 0
github.com/nutsdb/nutsdb/db.go:768.26,769.41 1 0
github.com/nutsdb/nutsdb/db.go:770.25,771.56 1 0
github.com/nutsdb/nutsdb/db.go:771.56,773.4 1 0
github.com/nutsdb/nutsdb/db.go:774.24,775.55 1 0
github.com/nutsdb/nutsdb/db.go:775.55,777.4 1 0
github.com/nutsdb/nutsdb/db.go:778.30,779.61 1 0
github.com/nutsdb/nutsdb/db.go:779.61,781.4 1 0
github.com/nutsdb/nutsdb/db.go:782.10,783.113 1 0
github.com/nutsdb/nutsdb/db.go:785.2,785.12 1 0
github.com/nutsdb/nutsdb/db.go:789.68,793.16 3 0
github.com/nutsdb/nutsdb/db.go:793.16,795.3 1 0
github.com/nutsdb/nutsdb/db.go:796.2,800.19 3 0
github.com/nutsdb/nutsdb/db.go:801.19,802.84 1 0
github.com/nutsdb/nutsdb/db.go:802.84,804.4 1 0
github.com/nutsdb/nutsdb/db.go:805.22,806.50 1 0
github.com/nutsdb/nutsdb/db.go:806.50,808.4 1 0
github.com/nutsdb/nutsdb/db.go:811.2,811.12 1 0
github.com/nutsdb/nutsdb/db.go:815.74,819.16 3 0
github.com/nutsdb/nutsdb/db.go:819.16,821.3 1 0
github.com/nutsdb/nutsdb/db.go:822.2,826.19 3 0
github.com/nutsdb/nutsdb/db.go:827.20,829.28 2 0
github.com/nutsdb/nutsdb/db.go:829.28,833.4 3 0
github.com/nutsdb/nutsdb/db.go:834.20,835.37 1 0
github.com/nutsdb/nutsdb/db.go:836.31,838.52 2 0
github.com/nutsdb/nutsdb/db.go:839.23,840.38 1 0
github.com/nutsdb/nutsdb/db.go:841.23,842.38 1 0
github.com/nutsdb/nutsdb/db.go:846.2,846.57 1 0
github.com/nutsdb/nutsdb/db.go:846.57,848.3 1 0
github.com/nutsdb/nutsdb/db.go:850.2,850.12 1 0
github.com/nutsdb/nutsdb/db.go:854.69,858.16 3 0
github.com/nutsdb/nutsdb/db.go:858.16,860.3 1 0
github.com/nutsdb/nutsdb/db.go:861.2,865.46 3 0
github.com/nutsdb/nutsdb/db.go:865.46,867.3 1 0
github.com/nutsdb/nutsdb/db.go:869.2,869.19 1 0
github.com/nutsdb/nutsdb/db.go:870.26,874.44 4 0
github.com/nutsdb/nutsdb/db.go:875.21,876.37 1 0
github.com/nutsdb/nutsdb/db.go:877.21,878.37 1 0
github.com/nutsdb/nutsdb/db.go:879.20,880.41 1 0
github.com/nutsdb/nutsdb/db.go:881.20,882.31 1 0
github.com/nutsdb/nutsdb/db.go:883.20,884.31 1 0
github.com/nutsdb/nutsdb/db.go:885.21,888.36 3 0
github.com/nutsdb/nutsdb/db.go:889.23,891.44 2 0
github.com/nutsdb/nutsdb/db.go:894.2,894.16 1 0
github.com/nutsdb/nutsdb/db.go:894.16,896.3 1 0
github.com/nutsdb/nutsdb/db.go:898.2,898.12 1 0
github.com/nutsdb/nutsdb/db.go:901.78,904.71 2 0
github.com/nutsdb/nutsdb/db.go:904.71,906.17 2 0
github.com/nutsdb/nutsdb/db.go:906.17,908.4 1 0
github.com/nutsdb/nutsdb/db.go:909.3,909.47 1 0
github.com/nutsdb/nutsdb/db.go:914.42,926.42 4 0
github.com/nutsdb/nutsdb/db.go:926.42,928.3 1 0
github.com/nutsdb/nutsdb/db.go:930.2,930.27 1 0
github.com/nutsdb/nutsdb/db.go:930.27,932.3 1 0
github.com/nutsdb/nutsdb/db.go:935.2,935.39 1 0
github.com/nutsdb/nutsdb/db.go:938.97,946.52 3 0
github.com/nutsdb/nutsdb/db.go:946.52,948.3 1 0
github.com/nutsdb/nutsdb/db.go:950.2,950.49 1 0
github.com/nutsdb/nutsdb/db.go:950.49,954.3 1 0
github.com/nutsdb/nutsdb/db.go:956.2,956.15 1 0
github.com/nutsdb/nutsdb/db.go:960.73,964.16 3 0
github.com/nutsdb/nutsdb/db.go:964.16,966.3 1 0
github.com/nutsdb/nutsdb/db.go:967.2,967.15 1 0
github.com/nutsdb/nutsdb/db.go:967.15,968.31 1 0
github.com/nutsdb/nutsdb/db.go:968.31,970.4 1 0
github.com/nutsdb/nutsdb/db.go:973.2,973.30 1 0
github.com/nutsdb/nutsdb/db.go:973.30,975.3 1 0
github.com/nutsdb/nutsdb/db.go:975.8,976.33 1 0
github.com/nutsdb/nutsdb/db.go:976.33,978.4 1 0
github.com/nutsdb/nutsdb/db.go:980.3,980.55 1 0
github.com/nutsdb/nutsdb/db.go:980.55,982.4 1 0
github.com/nutsdb/nutsdb/db.go:985.2,985.12 1 0
github.com/nutsdb/nutsdb/db.go:988.55,996.2 7 0
github.com/nutsdb/nutsdb/db.go:998.34,999.44 1 0
github.com/nutsdb/nutsdb/db.go:999.44,1000.26 1 0
github.com/nutsdb/nutsdb/db.go:1000.26,1002.4 1 0
github.com/nutsdb/nutsdb/db.go:1007.30,1009.2 1 0
github.com/nutsdb/nutsdb/db.go:1011.69,1012.16 1 0
github.com/nutsdb/nutsdb/db.go:1012.16,1013.36 1 0
github.com/nutsdb/nutsdb/db.go:1013.36,1015.18 2 0
github.com/nutsdb/nutsdb/db.go:1015.18,1017.5 1 0
github.com/nutsdb/nutsdb/db.go:1018.4,1019.42 2 0
github.com/nutsdb/nutsdb/db.go:1019.42,1021.5 1 0
github.com/nutsdb/nutsdb/db.go:1022.4,1022.14 1 0
github.com/nutsdb/nutsdb/db.go:1027.44,1030.16 3 0
github.com/nutsdb/nutsdb/db.go:1030.16,1032.3 1 0
github.com/nutsdb/nutsdb/db.go:1033.2,1035.6 2 0
github.com/nutsdb/nutsdb/db.go:1035.6,1037.17 2 0
github.com/nutsdb/nutsdb/db.go:1037.17,1040.69 2 0
github.com/nutsdb/nutsdb/db.go:1040.69,1041.10 1 0
github.com/nutsdb/nutsdb/db.go:1042.10,1044.5 1 0
github.com/nutsdb/nutsdb/db.go:1046.3,1050.5 1 0
github.com/nutsdb/nutsdb/db.go:1053.2,1053.28 1 0
github.com/nutsdb/nutsdb/db.go:1053.28,1055.17 2 0
github.com/nutsdb/nutsdb/db.go:1055.17,1057.4 1 0
github.com/nutsdb/nutsdb/db.go:1059.2,1059.12 1 0
github.com/nutsdb/nutsdb/db.go:1064.87,1066.16 2 0
github.com/nutsdb/nutsdb/db.go:1066.16,1068.3 1 0
github.com/nutsdb/nutsdb/db.go:1070.2,1077.15 4 0
github.com/nutsdb/nutsdb/db.go:1077.15,1079.61 2 0
github.com/nutsdb/nutsdb/db.go:1079.61,1081.4 1 0
github.com/nutsdb/nutsdb/db.go:1084.2,1084.47 1 0
github.com/nutsdb/nutsdb/db.go:1084.47,1085.29 1 0
github.com/nutsdb/nutsdb/db.go:1085.29,1086.34 1 0
github.com/nutsdb/nutsdb/db.go:1086.34,1088.5 1 0
github.com/nutsdb/nutsdb/db.go:1090.3,1090.13 1 0
github.com/nutsdb/nutsdb/db.go:1093.2,1093.6 1 0
github.com/nutsdb/nutsdb/db.go:1093.6,1094.10 1 0
github.com/nutsdb/nutsdb/db.go:1095.23,1097.46 1 0
github.com/nutsdb/nutsdb/db.go:1097.46,1099.5 1 0
github.com/nutsdb/nutsdb/db.go:1100.4,1100.35 1 0
github.com/nutsdb/nutsdb/db.go:1101.37,1102.11 1 0
github.com/nutsdb/nutsdb/db.go:1102.11,1103.47 1 0
github.com/nutsdb/nutsdb/db.go:1103.47,1105.6 1 0
github.com/nutsdb/nutsdb/db.go:1107.5,1107.36 1 0
github.com/nutsdb/nutsdb/db.go:1109.4,1110.25 2 0
github.com/nutsdb/nutsdb/db.go:1110.25,1111.47 1 0
github.com/nutsdb/nutsdb/db.go:1111.47,1113.6 1 0
github.com/nutsdb/nutsdb/db.go:1114.5,1114.22 1 0
github.com/nutsdb/nutsdb/db.go:1116.19,1117.23 1 0
github.com/nutsdb/nutsdb/db.go:1117.23,1118.47 1 0
github.com/nutsdb/nutsdb/db.go:1118.47,1120.6 1 0
github.com/nutsdb/nutsdb/db.go:1121.5,1121.22 1 0
github.com/nutsdb/nutsdb/entry.go:49.30,51.2 1 0
github.com/nutsdb/nutsdb/entry.go:61.33,79.2 12 0
github.com/nutsdb/nutsdb/entry.go:82.51,96.2 11 0
github.com/nutsdb/nutsdb/entry.go:99.31,100.94 1 0
github.com/nutsdb/nutsdb/entry.go:100.94,102.3 1 0
github.com/nutsdb/nutsdb/entry.go:103.2,103.14 1 0
github.com/nutsdb/nutsdb/entry.go:107.43,113.2 4 0
github.com/nutsdb/nutsdb/entry.go:116.49,128.2 8 0
github.com/nutsdb/nutsdb/entry.go:131.52,132.34 1 0
github.com/nutsdb/nutsdb/entry.go:132.34,134.3 1 0
github.com/nutsdb/nutsdb/entry.go:135.2,135.12 1 0
github.com/nutsdb/nutsdb/entry.go:139.54,143.35 1 0
github.com/nutsdb/nutsdb/entry.go:143.35,145.3 1 0
github.com/nutsdb/nutsdb/entry.go:147.2,183.26 23 0
github.com/nutsdb/nutsdb/entry.go:187.33,202.2 3 0
github.com/nutsdb/nutsdb/entry.go:205.31,206.21 1 0
github.com/nutsdb/nutsdb/entry.go:206.21,208.3 1 0
github.com/nutsdb/nutsdb/entry.go:209.2,209.54 1 0
github.com/nutsdb/nutsdb/entry.go:209.54,211.3 1 0
github.com/nutsdb/nutsdb/entry.go:212.2,212.12 1 0
github.com/nutsdb/nutsdb/entry.go:216.24,218.2 1 0
github.com/nutsdb/nutsdb/entry.go:221.44,224.2 2 0
github.com/nutsdb/nutsdb/entry.go:227.48,230.2 2 0
github.com/nutsdb/nutsdb/entry.go:233.49,236.2 2 0
github.com/nutsdb/nutsdb/entry.go:239.39,241.2 1 0
github.com/nutsdb/nutsdb/entry.go:243.41,245.2 1 0
github.com/nutsdb/nutsdb/entry.go:250.45,252.2 1 0
github.com/nutsdb/nutsdb/entry.go:254.40,256.2 1 0
github.com/nutsdb/nutsdb/entry.go:258.39,260.2 1 0
github.com/nutsdb/nutsdb/entry.go:262.43,264.2 1 0
github.com/nutsdb/nutsdb/entry.go:269.28,269.45 1 0
github.com/nutsdb/nutsdb/entry.go:271.38,276.2 3 0
github.com/nutsdb/nutsdb/entry.go:278.33,278.60 1 0
github.com/nutsdb/nutsdb/entry.go:280.63,282.24 2 0
github.com/nutsdb/nutsdb/entry.go:282.24,284.94 2 0
github.com/nutsdb/nutsdb/entry.go:284.94,286.4 1 0
github.com/nutsdb/nutsdb/entry.go:289.2,289.15 1 0
github.com/nutsdb/nutsdb/entry.go:292.68,297.2 1 0
github.com/nutsdb/nutsdb/entry.go:304.29,304.54 1 0
github.com/nutsdb/nutsdb/entry.go:306.39,309.23 3 0
github.com/nutsdb/nutsdb/entry.go:309.23,311.3 1 0
github.com/nutsdb/nutsdb/entry.go:313.2,313.29 1 0
github.com/nutsdb/nutsdb/entry.go:316.34,316.93 1 0
github.com/nutsdb/nutsdb/entry.go:318.64,320.32 2 0
github.com/nutsdb/nutsdb/entry.go:320.32,322.94 2 0
github.com/nutsdb/nutsdb/entry.go:322.94,324.4 1 0
github.com/nutsdb/nutsdb/entry.go:327.2,327.15 1 0
github.com/nutsdb/nutsdb/entry.go:342.57,344.2 1 0
github.com/nutsdb/nutsdb/entry.go:346.55,348.2 1 0
github.com/nutsdb/nutsdb/entry.go:350.29,353.2 2 0
github.com/nutsdb/nutsdb/errors.go:10.33,12.2 1 0
github.com/nutsdb/nutsdb/errors.go:15.36,17.2 1 0
github.com/nutsdb/nutsdb/errors.go:20.39,22.2 1 0
github.com/nutsdb/nutsdb/errors.go:25.36,27.2 1 0
github.com/nutsdb/nutsdb/errors.go:30.33,32.2 1 0
github.com/nutsdb/nutsdb/errors.go:35.35,37.2 1 0
github.com/nutsdb/nutsdb/errors.go:40.41,42.2 1 0
github.com/nutsdb/nutsdb/file_manager.go:24.112,31.2 2 0
github.com/nutsdb/nutsdb/file_manager.go:34.97,36.2 1 0
github.com/nutsdb/nutsdb/file_manager.go:40.105,42.2 1 0
github.com/nutsdb/nutsdb/file_manager.go:45.120,46.19 1 0
github.com/nutsdb/nutsdb/file_manager.go:46.19,48.3 1 0
github.com/nutsdb/nutsdb/file_manager.go:50.2,52.25 2 0
github.com/nutsdb/nutsdb/file_manager.go:52.25,54.17 2 0
github.com/nutsdb/nutsdb/file_manager.go:54.17,56.4 1 0
github.com/nutsdb/nutsdb/file_manager.go:59.2,59.23 1 0
github.com/nutsdb/nutsdb/file_manager.go:59.23,61.17 2 0
github.com/nutsdb/nutsdb/file_manager.go:61.17,63.4 1 0
github.com/nutsdb/nutsdb/file_manager.go:66.2,66.42 1 0
github.com/nutsdb/nutsdb/file_manager.go:69.101,72.2 2 0
github.com/nutsdb/nutsdb/file_manager.go:75.137,77.16 2 0
github.com/nutsdb/nutsdb/file_manager.go:77.16,79.3 1 0
github.com/nutsdb/nutsdb/file_manager.go:80.2,81.16 2 0
github.com/nutsdb/nutsdb/file_manager.go:81.16,83.3 1 0
github.com/nutsdb/nutsdb/file_manager.go:85.2,85.96 1 0
github.com/nutsdb/nutsdb/file_manager.go:89.135,91.16 2 0
github.com/nutsdb/nutsdb/file_manager.go:91.16,93.3 1 0
github.com/nutsdb/nutsdb/file_manager.go:95.2,96.16 2 0
github.com/nutsdb/nutsdb/file_manager.go:96.16,98.3 1 0
github.com/nutsdb/nutsdb/file_manager.go:100.2,100.68 1 0
github.com/nutsdb/nutsdb/file_manager.go:104.38,107.2 2 0
github.com/nutsdb/nutsdb/hint_collector.go:23.87,24.21 1 0
github.com/nutsdb/nutsdb/hint_collector.go:24.21,26.3 1 0
github.com/nutsdb/nutsdb/hint_collector.go:27.2,32.3 1 0
github.com/nutsdb/nutsdb/hint_collector.go:35.54,36.15 1 0
github.com/nutsdb/nutsdb/hint_collector.go:36.15,38.3 1 0
github.com/nutsdb/nutsdb/hint_collector.go:39.2,39.18 1 0
github.com/nutsdb/nutsdb/hint_collector.go:39.18,41.3 1 0
github.com/nutsdb/nutsdb/hint_collector.go:42.2,44.24 3 0
github.com/nutsdb/nutsdb/hint_collector.go:44.24,46.3 1 0
github.com/nutsdb/nutsdb/hint_collector.go:47.2,48.34 2 0
github.com/nutsdb/nutsdb/hint_collector.go:48.34,50.3 1 0
github.com/nutsdb/nutsdb/hint_collector.go:51.2,51.12 1 0
github.com/nutsdb/nutsdb/hint_collector.go:54.40,55.15 1 0
github.com/nutsdb/nutsdb/hint_collector.go:55.15,57.3 1 0
github.com/nutsdb/nutsdb/hint_collector.go:58.2,58.23 1 0
github.com/nutsdb/nutsdb/hint_collector.go:61.39,62.15 1 0
github.com/nutsdb/nutsdb/hint_collector.go:62.15,64.3 1 0
github.com/nutsdb/nutsdb/hint_collector.go:65.2,65.40 1 0
github.com/nutsdb/nutsdb/hint_collector.go:65.40,67.3 1 0
github.com/nutsdb/nutsdb/hint_collector.go:68.2,68.25 1 0
github.com/nutsdb/nutsdb/hint_collector.go:71.40,72.15 1 0
github.com/nutsdb/nutsdb/hint_collector.go:72.15,74.3 1 0
github.com/nutsdb/nutsdb/hint_collector.go:75.2,75.39 1 0
github.com/nutsdb/nutsdb/hint_collector.go:75.39,77.3 1 0
github.com/nutsdb/nutsdb/hint_collector.go:78.2,79.26 2 0
github.com/nutsdb/nutsdb/hint_collector.go:82.49,83.22 1 0
github.com/nutsdb/nutsdb/hint_collector.go:83.22,84.11 1 0
github.com/nutsdb/nutsdb/hint_collector.go:84.11,86.4 1 0
github.com/nutsdb/nutsdb/hint_collector.go:87.3,87.13 1 0
github.com/nutsdb/nutsdb/hint_collector.go:89.2,89.24 1 0
github.com/nutsdb/nutsdb/hint_collector.go:89.24,91.49 2 0
github.com/nutsdb/nutsdb/hint_collector.go:91.49,93.4 1 0
github.com/nutsdb/nutsdb/hint_collector.go:95.2,96.10 2 0
github.com/nutsdb/nutsdb/hint_collector.go:96.10,98.3 1 0
github.com/nutsdb/nutsdb/hint_collector.go:99.2,99.12 1 0
github.com/nutsdb/nutsdb/hintfile.go:44.48,46.22 2 0
github.com/nutsdb/nutsdb/hintfile.go:46.22,49.3 2 0
github.com/nutsdb/nutsdb/hintfile.go:50.2,50.64 1 0
github.com/nutsdb/nutsdb/hintfile.go:68.82,83.2 2 0
github.com/nutsdb/nutsdb/hintfile.go:86.34,103.2 14 0
github.com/nutsdb/nutsdb/hintfile.go:106.37,128.2 17 0
github.com/nutsdb/nutsdb/hintfile.go:131.46,132.19 1 0
github.com/nutsdb/nutsdb/hintfile.go:132.19,134.3 1 0
github.com/nutsdb/nutsdb/hintfile.go:136.2,139.12 3 0
github.com/nutsdb/nutsdb/hintfile.go:139.12,141.3 1 0
github.com/nutsdb/nutsdb/hintfile.go:142.2,146.12 4 0
github.com/nutsdb/nutsdb/hintfile.go:146.12,148.3 1 0
github.com/nutsdb/nutsdb/hintfile.go:149.2,153.12 4 0
github.com/nutsdb/nutsdb/hintfile.go:153.12,155.3 1 0
github.com/nutsdb/nutsdb/hintfile.go:156.2,160.12 4 0
github.com/nutsdb/nutsdb/hintfile.go:160.12,162.3 1 0
github.com/nutsdb/nutsdb/hintfile.go:163.2,167.12 4 0
github.com/nutsdb/nutsdb/hintfile.go:167.12,169.3 1 0
github.com/nutsdb/nutsdb/hintfile.go:170.2,174.12 4 0
github.com/nutsdb/nutsdb/hintfile.go:174.12,176.3 1 0
github.com/nutsdb/nutsdb/hintfile.go:177.2,181.12 4 0
github.com/nutsdb/nutsdb/hintfile.go:181.12,183.3 1 0
github.com/nutsdb/nutsdb/hintfile.go:184.2,188.12 4 0
github.com/nutsdb/nutsdb/hintfile.go:188.12,190.3 1 0
github.com/nutsdb/nutsdb/hintfile.go:191.2,195.12 4 0
github.com/nutsdb/nutsdb/hintfile.go:195.12,197.3 1 0
github.com/nutsdb/nutsdb/hintfile.go:198.2,202.16 4 0
github.com/nutsdb/nutsdb/hintfile.go:202.16,204.3 1 0
github.com/nutsdb/nutsdb/hintfile.go:205.2,208.37 3 0
github.com/nutsdb/nutsdb/hintfile.go:208.37,210.3 1 0
github.com/nutsdb/nutsdb/hintfile.go:212.2,215.12 3 0
github.com/nutsdb/nutsdb/hintfile.go:225.50,227.16 2 0
github.com/nutsdb/nutsdb/hintfile.go:227.16,229.3 1 0
github.com/nutsdb/nutsdb/hintfile.go:231.2,234.12 3 0
github.com/nutsdb/nutsdb/hintfile.go:238.53,239.21 1 0
github.com/nutsdb/nutsdb/hintfile.go:239.21,241.3 1 0
github.com/nutsdb/nutsdb/hintfile.go:243.2,246.40 3 0
github.com/nutsdb/nutsdb/hintfile.go:246.40,248.17 2 0
github.com/nutsdb/nutsdb/hintfile.go:248.17,249.21 1 0
github.com/nutsdb/nutsdb/hintfile.go:249.21,250.24 1 0
github.com/nutsdb/nutsdb/hintfile.go:250.24,252.6 1 0
github.com/nutsdb/nutsdb/hintfile.go:253.5,253.35 1 0
github.com/nutsdb/nutsdb/hintfile.go:255.4,255.34 1 0
github.com/nutsdb/nutsdb/hintfile.go:255.34,257.5 1 0
github.com/nutsdb/nutsdb/hintfile.go:258.4,258.17 1 0
github.com/nutsdb/nutsdb/hintfile.go:260.3,261.18 2 0
github.com/nutsdb/nutsdb/hintfile.go:264.2,265.53 2 0
github.com/nutsdb/nutsdb/hintfile.go:265.53,267.3 1 0
github.com/nutsdb/nutsdb/hintfile.go:269.2,270.16 2 0
github.com/nutsdb/nutsdb/hintfile.go:270.16,272.3 1 0
github.com/nutsdb/nutsdb/hintfile.go:273.2,276.16 3 0
github.com/nutsdb/nutsdb/hintfile.go:276.16,278.3 1 0
github.com/nutsdb/nutsdb/hintfile.go:279.2,281.54 2 0
github.com/nutsdb/nutsdb/hintfile.go:281.54,283.3 1 0
github.com/nutsdb/nutsdb/hintfile.go:285.2,286.16 2 0
github.com/nutsdb/nutsdb/hintfile.go:286.16,288.3 1 0
github.com/nutsdb/nutsdb/hintfile.go:289.2,292.16 3 0
github.com/nutsdb/nutsdb/hintfile.go:292.16,294.3 1 0
github.com/nutsdb/nutsdb/hintfile.go:295.2,298.16 3 0
github.com/nutsdb/nutsdb/hintfile.go:298.16,300.3 1 0
github.com/nutsdb/nutsdb/hintfile.go:301.2,304.16 3 0
github.com/nutsdb/nutsdb/hintfile.go:304.16,306.3 1 0
github.com/nutsdb/nutsdb/hintfile.go:307.2,309.52 2 0
github.com/nutsdb/nutsdb/hintfile.go:309.52,311.3 1 0
github.com/nutsdb/nutsdb/hintfile.go:313.2,314.16 2 0
github.com/nutsdb/nutsdb/hintfile.go:314.16,316.3 1 0
github.com/nutsdb/nutsdb/hintfile.go:317.2,319.23 2 0
github.com/nutsdb/nutsdb/hintfile.go:319.23,321.61 2 0
github.com/nutsdb/nutsdb/hintfile.go:321.61,322.51 1 0
github.com/nutsdb/nutsdb/hintfile.go:322.51,324.5 1 0
github.com/nutsdb/nutsdb/hintfile.go:325.4,325.19 1 0
github.com/nutsdb/nutsdb/hintfile.go:329.2,329.19 1 0
github.com/nutsdb/nutsdb/hintfile.go:332.56,333.19 1 0
github.com/nutsdb/nutsdb/hintfile.go:333.19,335.3 1 0
github.com/nutsdb/nutsdb/hintfile.go:336.2,337.11 2 0
github.com/nutsdb/nutsdb/hintfile.go:337.11,340.50 3 0
github.com/nutsdb/nutsdb/hintfile.go:340.50,342.4 1 0
github.com/nutsdb/nutsdb/hintfile.go:345.2,346.12 2 0
github.com/nutsdb/nutsdb/hintfile.go:346.12,348.3 1 0
github.com/nutsdb/nutsdb/hintfile.go:350.2,350.35 1 0
github.com/nutsdb/nutsdb/hintfile.go:353.71,357.6 3 0
github.com/nutsdb/nutsdb/hintfile.go:357.6,359.17 2 0
github.com/nutsdb/nutsdb/hintfile.go:359.17,360.21 1 0
github.com/nutsdb/nutsdb/hintfile.go:360.21,361.15 1 0
github.com/nutsdb/nutsdb/hintfile.go:361.15,362.47 1 0
github.com/nutsdb/nutsdb/hintfile.go:362.47,364.7 1 0
github.com/nutsdb/nutsdb/hintfile.go:365.6,365.36 1 0
github.com/nutsdb/nutsdb/hintfile.go:367.5,367.35 1 0
github.com/nutsdb/nutsdb/hintfile.go:369.4,369.34 1 0
github.com/nutsdb/nutsdb/hintfile.go:369.34,371.5 1 0
github.com/nutsdb/nutsdb/hintfile.go:372.4,372.17 1 0
github.com/nutsdb/nutsdb/hintfile.go:375.3,378.36 3 0
github.com/nutsdb/nutsdb/hintfile.go:378.36,379.9 1 0
github.com/nutsdb/nutsdb/hintfile.go:383.2,383.49 1 0
github.com/nutsdb/nutsdb/hintfile.go:383.49,385.3 1 0
github.com/nutsdb/nutsdb/hintfile.go:387.2,388.16 2 0
github.com/nutsdb/nutsdb/hintfile.go:388.16,390.3 1 0
github.com/nutsdb/nutsdb/hintfile.go:391.2,391.12 1 0
github.com/nutsdb/nutsdb/hintfile.go:391.12,393.3 1 0
github.com/nutsdb/nutsdb/hintfile.go:395.2,395.23 1 0
github.com/nutsdb/nutsdb/hintfile.go:395.23,397.3 1 0
github.com/nutsdb/nutsdb/hintfile.go:399.2,399.17 1 0
github.com/nutsdb/nutsdb/hintfile.go:403.40,404.19 1 0
github.com/nutsdb/nutsdb/hintfile.go:404.19,406.3 1 0
github.com/nutsdb/nutsdb/hintfile.go:407.2,407.12 1 0
github.com/nutsdb/nutsdb/hintfile.go:417.52,419.16 2 0
github.com/nutsdb/nutsdb/hintfile.go:419.16,421.3 1 0
github.com/nutsdb/nutsdb/hintfile.go:423.2,426.12 3 0
github.com/nutsdb/nutsdb/hintfile.go:430.56,431.18 1 0
github.com/nutsdb/nutsdb/hintfile.go:431.18,433.3 1 0
github.com/nutsdb/nutsdb/hintfile.go:435.2,437.12 3 0
github.com/nutsdb/nutsdb/hintfile.go:441.39,442.21 1 0
github.com/nutsdb/nutsdb/hintfile.go:442.21,443.42 1 0
github.com/nutsdb/nutsdb/hintfile.go:443.42,445.4 1 0
github.com/nutsdb/nutsdb/hintfile.go:448.2,448.19 1 0
github.com/nutsdb/nutsdb/hintfile.go:448.19,450.3 1 0
github.com/nutsdb/nutsdb/hintfile.go:452.2,452.12 1 0
github.com/nutsdb/nutsdb/hintfile.go:456.40,459.21 2 0
github.com/nutsdb/nutsdb/hintfile.go:459.21,460.52 1 0
github.com/nutsdb/nutsdb/hintfile.go:460.52,462.4 1 0
github.com/nutsdb/nutsdb/hintfile.go:465.2,465.19 1 0
github.com/nutsdb/nutsdb/hintfile.go:465.19,466.64 1 0
github.com/nutsdb/nutsdb/hintfile.go:466.64,468.4 1 0
github.com/nutsdb/nutsdb/hintfile.go:471.2,471.12 1 0
github.com/nutsdb/nutsdb/index.go:27.70,28.39 1 0
github.com/nutsdb/nutsdb/index.go:28.39,30.3 1 0
github.com/nutsdb/nutsdb/index.go:31.2,33.10 3 0
github.com/nutsdb/nutsdb/index.go:36.45,38.2 1 0
github.com/nutsdb/nutsdb/index.go:40.55,43.2 2 0
github.com/nutsdb/nutsdb/index.go:45.41,47.2 1 0
github.com/nutsdb/nutsdb/index.go:49.51,50.27 1 0
github.com/nutsdb/nutsdb/index.go:50.27,52.3 1 0
github.com/nutsdb/nutsdb/index.go:60.59,61.61 1 0
github.com/nutsdb/nutsdb/index.go:61.61,63.3 1 0
github.com/nutsdb/nutsdb/index.go:70.61,71.62 1 0
github.com/nutsdb/nutsdb/index.go:71.62,73.3 1 0
github.com/nutsdb/nutsdb/index.go:80.52,81.55 1 0
github.com/nutsdb/nutsdb/index.go:81.55,83.3 1 0
github.com/nutsdb/nutsdb/index.go:90.72,91.61 1 0
github.com/nutsdb/nutsdb/index.go:91.61,93.3 1 0
github.com/nutsdb/nutsdb/index.go:104.24,106.2 1 0
github.com/nutsdb/nutsdb/index.go:108.47,116.2 7 0
github.com/nutsdb/nutsdb/iterator.go:38.76,40.16 2 0
github.com/nutsdb/nutsdb/iterator.go:40.16,42.3 1 0
github.com/nutsdb/nutsdb/iterator.go:43.2,50.21 2 0
github.com/nutsdb/nutsdb/iterator.go:50.21,52.3 1 0
github.com/nutsdb/nutsdb/iterator.go:52.8,54.3 1 0
github.com/nutsdb/nutsdb/iterator.go:56.2,56.20 1 0
github.com/nutsdb/nutsdb/iterator.go:56.20,58.3 1 0
github.com/nutsdb/nutsdb/iterator.go:60.2,60.17 1 0
github.com/nutsdb/nutsdb/iterator.go:63.35,64.24 1 0
github.com/nutsdb/nutsdb/iterator.go:64.24,66.3 1 0
github.com/nutsdb/nutsdb/iterator.go:66.8,68.3 1 0
github.com/nutsdb/nutsdb/iterator.go:70.2,70.14 1 0
github.com/nutsdb/nutsdb/iterator.go:70.14,72.3 1 0
github.com/nutsdb/nutsdb/iterator.go:72.8,74.3 1 0
github.com/nutsdb/nutsdb/iterator.go:76.2,76.17 1 0
github.com/nutsdb/nutsdb/iterator.go:79.43,82.14 2 0
github.com/nutsdb/nutsdb/iterator.go:82.14,84.3 1 0
github.com/nutsdb/nutsdb/iterator.go:84.8,86.3 1 0
github.com/nutsdb/nutsdb/iterator.go:88.2,88.17 1 0
github.com/nutsdb/nutsdb/iterator.go:91.33,92.15 1 0
github.com/nutsdb/nutsdb/iterator.go:92.15,94.3 1 0
github.com/nutsdb/nutsdb/iterator.go:96.2,96.24 1 0
github.com/nutsdb/nutsdb/iterator.go:96.24,98.3 1 0
github.com/nutsdb/nutsdb/iterator.go:98.8,100.3 1 0
github.com/nutsdb/nutsdb/iterator.go:102.2,102.14 1 0
github.com/nutsdb/nutsdb/iterator.go:102.14,104.3 1 0
github.com/nutsdb/nutsdb/iterator.go:104.8,106.3 1 0
github.com/nutsdb/nutsdb/iterator.go:108.2,108.17 1 0
github.com/nutsdb/nutsdb/iterator.go:111.34,113.2 1 0
github.com/nutsdb/nutsdb/iterator.go:115.34,116.15 1 0
github.com/nutsdb/nutsdb/iterator.go:116.15,118.3 1 0
github.com/nutsdb/nutsdb/iterator.go:119.2,119.27 1 0
github.com/nutsdb/nutsdb/iterator.go:122.45,123.15 1 0
github.com/nutsdb/nutsdb/iterator.go:123.15,125.3 1 0
github.com/nutsdb/nutsdb/iterator.go:126.2,126.57 1 0
github.com/nutsdb/nutsdb/iterator.go:131.52,132.15 1 0
github.com/nutsdb/nutsdb/iterator.go:132.15,134.3 1 0
github.com/nutsdb/nutsdb/iterator.go:135.2,135.23 1 0
github.com/nutsdb/nutsdb/iterator.go:138.31,142.2 3 0
github.com/nutsdb/nutsdb/merge.go:32.29,35.2 2 0
github.com/nutsdb/nutsdb/merge.go:37.29,38.26 1 0
github.com/nutsdb/nutsdb/merge.go:38.26,40.3 1 0
github.com/nutsdb/nutsdb/merge.go:41.2,41.25 1 0
github.com/nutsdb/nutsdb/merge.go:56.35,65.18 3 0
github.com/nutsdb/nutsdb/merge.go:65.18,68.3 2 0
github.com/nutsdb/nutsdb/merge.go:70.2,71.15 2 0
github.com/nutsdb/nutsdb/merge.go:71.15,73.3 1 0
github.com/nutsdb/nutsdb/merge.go:75.2,76.31 2 0
github.com/nutsdb/nutsdb/merge.go:76.31,79.3 2 0
github.com/nutsdb/nutsdb/merge.go:81.2,83.49 2 0
github.com/nutsdb/nutsdb/merge.go:83.49,84.56 1 0
github.com/nutsdb/nutsdb/merge.go:84.56,87.4 2 0
github.com/nutsdb/nutsdb/merge.go:90.2,90.58 1 0
github.com/nutsdb/nutsdb/merge.go:90.58,93.3 2 0
github.com/nutsdb/nutsdb/merge.go:95.2,98.16 4 0
github.com/nutsdb/nutsdb/merge.go:98.16,101.3 2 0
github.com/nutsdb/nutsdb/merge.go:103.2,113.51 6 0
github.com/nutsdb/nutsdb/merge.go:113.51,117.17 4 0
github.com/nutsdb/nutsdb/merge.go:117.17,119.4 1 0
github.com/nutsdb/nutsdb/merge.go:121.3,121.7 1 0
github.com/nutsdb/nutsdb/merge.go:121.7,122.51 1 0
github.com/nutsdb/nutsdb/merge.go:122.51,123.21 1 0
github.com/nutsdb/nutsdb/merge.go:123.21,124.11 1 0
github.com/nutsdb/nutsdb/merge.go:127.5,127.25 1 0
github.com/nutsdb/nutsdb/merge.go:127.25,129.35 2 0
github.com/nutsdb/nutsdb/merge.go:129.35,130.12 1 0
github.com/nutsdb/nutsdb/merge.go:132.6,132.14 1 0
github.com/nutsdb/nutsdb/merge.go:139.5,139.41 1 0
github.com/nutsdb/nutsdb/merge.go:139.41,141.49 1 0
github.com/nutsdb/nutsdb/merge.go:141.49,143.21 2 0
github.com/nutsdb/nutsdb/merge.go:143.21,145.8 1 0
github.com/nutsdb/nutsdb/merge.go:146.7,148.30 2 0
github.com/nutsdb/nutsdb/merge.go:149.26,150.78 1 0
github.com/nutsdb/nutsdb/merge.go:150.78,152.9 1 0
github.com/nutsdb/nutsdb/merge.go:153.26,154.78 1 0
github.com/nutsdb/nutsdb/merge.go:154.78,156.9 1 0
github.com/nutsdb/nutsdb/merge.go:157.15,166.22 1 0
github.com/nutsdb/nutsdb/merge.go:166.22,168.9 1 0
github.com/nutsdb/nutsdb/merge.go:172.7,175.9 1 0
github.com/nutsdb/nutsdb/merge.go:178.6,178.16 1 0
github.com/nutsdb/nutsdb/merge.go:180.5,180.19 1 0
github.com/nutsdb/nutsdb/merge.go:180.19,183.6 2 0
github.com/nutsdb/nutsdb/merge.go:185.5,186.34 2 0
github.com/nutsdb/nutsdb/merge.go:186.34,187.11 1 0
github.com/nutsdb/nutsdb/merge.go:189.10,190.152 1 0
github.com/nutsdb/nutsdb/merge.go:190.152,191.11 1 0
github.com/nutsdb/nutsdb/merge.go:193.5,193.82 1 0
github.com/nutsdb/nutsdb/merge.go:197.3,198.17 2 0
github.com/nutsdb/nutsdb/merge.go:198.17,200.4 1 0
github.com/nutsdb/nutsdb/merge.go:201.3,201.24 1 0
github.com/nutsdb/nutsdb/merge.go:206.2,211.27 4 0
github.com/nutsdb/nutsdb/merge.go:211.27,212.77 1 0
github.com/nutsdb/nutsdb/merge.go:212.77,214.4 1 0
github.com/nutsdb/nutsdb/merge.go:217.2,220.40 3 0
github.com/nutsdb/nutsdb/merge.go:220.40,221.51 1 0
github.com/nutsdb/nutsdb/merge.go:221.51,223.4 1 0
github.com/nutsdb/nutsdb/merge.go:226.3,227.49 2 0
github.com/nutsdb/nutsdb/merge.go:227.49,228.61 1 0
github.com/nutsdb/nutsdb/merge.go:228.61,231.5 1 0
github.com/nutsdb/nutsdb/merge.go:235.2,235.12 1 0
github.com/nutsdb/nutsdb/merge.go:241.76,242.29 1 0
github.com/nutsdb/nutsdb/merge.go:242.29,244.3 1 0
github.com/nutsdb/nutsdb/merge.go:246.2,246.59 1 0
github.com/nutsdb/nutsdb/merge.go:246.59,249.17 3 0
github.com/nutsdb/nutsdb/merge.go:249.17,251.4 1 0
github.com/nutsdb/nutsdb/merge.go:253.3,255.53 3 0
github.com/nutsdb/nutsdb/merge.go:255.53,258.4 2 0
github.com/nutsdb/nutsdb/merge.go:260.3,260.32 1 0
github.com/nutsdb/nutsdb/merge.go:260.32,263.14 3 0
github.com/nutsdb/nutsdb/merge.go:263.14,265.5 1 0
github.com/nutsdb/nutsdb/merge.go:268.3,269.7 2 0
github.com/nutsdb/nutsdb/merge.go:269.7,271.18 2 0
github.com/nutsdb/nutsdb/merge.go:271.18,272.152 1 0
github.com/nutsdb/nutsdb/merge.go:272.152,273.11 1 0
github.com/nutsdb/nutsdb/merge.go:275.5,276.91 2 0
github.com/nutsdb/nutsdb/merge.go:279.4,279.20 1 0
github.com/nutsdb/nutsdb/merge.go:279.20,280.10 1 0
github.com/nutsdb/nutsdb/merge.go:283.4,285.54 2 0
github.com/nutsdb/nutsdb/merge.go:285.54,288.5 2 0
github.com/nutsdb/nutsdb/merge.go:290.4,291.22 2 0
github.com/nutsdb/nutsdb/merge.go:291.22,292.10 1 0
github.com/nutsdb/nutsdb/merge.go:296.3,296.43 1 0
github.com/nutsdb/nutsdb/merge.go:296.43,299.4 2 0
github.com/nutsdb/nutsdb/merge.go:301.3,301.44 1 0
github.com/nutsdb/nutsdb/merge.go:301.44,304.4 2 0
github.com/nutsdb/nutsdb/merge.go:306.3,306.38 1 0
github.com/nutsdb/nutsdb/merge.go:306.38,308.4 1 0
github.com/nutsdb/nutsdb/merge.go:311.2,311.12 1 0
github.com/nutsdb/nutsdb/merge.go:314.29,317.31 2 0
github.com/nutsdb/nutsdb/merge.go:317.31,319.3 1 0
github.com/nutsdb/nutsdb/merge.go:319.8,322.3 2 0
github.com/nutsdb/nutsdb/merge.go:324.2,324.6 1 0
github.com/nutsdb/nutsdb/merge.go:324.6,325.10 1 0
github.com/nutsdb/nutsdb/merge.go:326.26,330.33 2 0
github.com/nutsdb/nutsdb/merge.go:330.33,332.5 1 0
github.com/nutsdb/nutsdb/merge.go:333.19,334.18 1 0
github.com/nutsdb/nutsdb/merge.go:335.30,336.10 1 0
github.com/nutsdb/nutsdb/merge.go:341.54,342.9 1 0
github.com/nutsdb/nutsdb/merge.go:343.32,344.39 1 0
github.com/nutsdb/nutsdb/merge.go:345.31,346.38 1 0
github.com/nutsdb/nutsdb/merge.go:347.30,348.37 1 0
github.com/nutsdb/nutsdb/merge.go:349.34,350.38 1 0
github.com/nutsdb/nutsdb/merge.go:352.2,352.14 1 0
github.com/nutsdb/nutsdb/merge.go:355.54,357.12 2 0
github.com/nutsdb/nutsdb/merge.go:357.12,359.3 1 0
github.com/nutsdb/nutsdb/merge.go:361.2,362.9 2 0
github.com/nutsdb/nutsdb/merge.go:362.9,364.3 1 0
github.com/nutsdb/nutsdb/merge.go:366.2,366.19 1 0
github.com/nutsdb/nutsdb/merge.go:366.19,370.3 3 0
github.com/nutsdb/nutsdb/merge.go:372.2,372.70 1 0
github.com/nutsdb/nutsdb/merge.go:372.70,374.3 1 0
github.com/nutsdb/nutsdb/merge.go:376.2,376.13 1 0
github.com/nutsdb/nutsdb/merge.go:379.52,381.12 2 0
github.com/nutsdb/nutsdb/merge.go:381.12,383.3 1 0
github.com/nutsdb/nutsdb/merge.go:385.2,386.29 2 0
github.com/nutsdb/nutsdb/merge.go:386.29,388.3 1 0
github.com/nutsdb/nutsdb/merge.go:390.2,390.13 1 0
github.com/nutsdb/nutsdb/merge.go:393.53,396.12 3 0
github.com/nutsdb/nutsdb/merge.go:396.12,398.3 1 0
github.com/nutsdb/nutsdb/merge.go:399.2,400.30 2 0
github.com/nutsdb/nutsdb/merge.go:400.30,402.3 1 0
github.com/nutsdb/nutsdb/merge.go:404.2,404.13 1 0
github.com/nutsdb/nutsdb/merge.go:407.53,412.43 4 0
github.com/nutsdb/nutsdb/merge.go:412.43,415.13 3 0
github.com/nutsdb/nutsdb/merge.go:415.13,417.4 1 0
github.com/nutsdb/nutsdb/merge.go:419.3,419.43 1 0
github.com/nutsdb/nutsdb/merge.go:419.43,421.4 1 0
github.com/nutsdb/nutsdb/merge.go:423.3,425.41 3 0
github.com/nutsdb/nutsdb/merge.go:425.41,427.4 1 0
github.com/nutsdb/nutsdb/merge.go:429.3,429.88 1 0
github.com/nutsdb/nutsdb/merge.go:429.88,431.4 1 0
github.com/nutsdb/nutsdb/merge.go:433.3,433.14 1 0
github.com/nutsdb/nutsdb/merge.go:436.2,436.74 1 0
github.com/nutsdb/nutsdb/merge.go:436.74,441.13 4 0
github.com/nutsdb/nutsdb/merge.go:441.13,443.4 1 0
github.com/nutsdb/nutsdb/merge.go:445.3,445.43 1 0
github.com/nutsdb/nutsdb/merge.go:445.43,447.4 1 0
github.com/nutsdb/nutsdb/merge.go:449.3,450.10 2 0
github.com/nutsdb/nutsdb/merge.go:450.10,452.4 1 0
github.com/nutsdb/nutsdb/merge.go:454.3,454.105 1 0
github.com/nutsdb/nutsdb/merge.go:454.105,456.4 1 0
github.com/nutsdb/nutsdb/merge.go:458.3,458.14 1 0
github.com/nutsdb/nutsdb/merge.go:461.2,461.14 1 0
github.com/nutsdb/nutsdb/merge_manifest.go:27.60,30.36 3 0
github.com/nutsdb/nutsdb/merge_manifest.go:30.36,32.3 1 0
github.com/nutsdb/nutsdb/merge_manifest.go:33.2,33.16 1 0
github.com/nutsdb/nutsdb/merge_manifest.go:33.16,35.3 1 0
github.com/nutsdb/nutsdb/merge_manifest.go:36.2,37.56 2 0
github.com/nutsdb/nutsdb/merge_manifest.go:37.56,39.3 1 0
github.com/nutsdb/nutsdb/merge_manifest.go:40.2,40.23 1 0
github.com/nutsdb/nutsdb/merge_manifest.go:43.68,45.16 2 0
github.com/nutsdb/nutsdb/merge_manifest.go:45.16,47.3 1 0
github.com/nutsdb/nutsdb/merge_manifest.go:48.2,50.59 3 0
github.com/nutsdb/nutsdb/merge_manifest.go:50.59,52.3 1 0
github.com/nutsdb/nutsdb/merge_manifest.go:53.2,53.57 1 0
github.com/nutsdb/nutsdb/merge_manifest.go:53.57,55.3 1 0
github.com/nutsdb/nutsdb/merge_manifest.go:56.2,56.12 1 0
github.com/nutsdb/nutsdb/merge_manifest.go:59.44,61.75 2 0
github.com/nutsdb/nutsdb/merge_manifest.go:61.75,63.3 1 0
github.com/nutsdb/nutsdb/merge_manifest.go:64.2,64.12 1 0
github.com/nutsdb/nutsdb/merge_recovery.go:9.44,11.16 2 0
github.com/nutsdb/nutsdb/merge_recovery.go:11.16,13.3 1 0
github.com/nutsdb/nutsdb/merge_recovery.go:14.2,14.21 1 0
github.com/nutsdb/nutsdb/merge_recovery.go:14.21,16.3 1 0
github.com/nutsdb/nutsdb/merge_recovery.go:18.2,18.25 1 0
github.com/nutsdb/nutsdb/merge_recovery.go:19.29,21.50 2 0
github.com/nutsdb/nutsdb/merge_recovery.go:21.50,22.25 1 0
github.com/nutsdb/nutsdb/merge_recovery.go:22.25,23.13 1 0
github.com/nutsdb/nutsdb/merge_recovery.go:25.4,25.26 1 0
github.com/nutsdb/nutsdb/merge_recovery.go:27.3,27.59 1 0
github.com/nutsdb/nutsdb/merge_recovery.go:27.59,29.4 1 0
github.com/nutsdb/nutsdb/merge_recovery.go:30.3,30.57 1 0
github.com/nutsdb/nutsdb/merge_recovery.go:30.57,32.4 1 0
github.com/nutsdb/nutsdb/merge_recovery.go:33.31,34.50 1 0
github.com/nutsdb/nutsdb/merge_recovery.go:34.50,35.101 1 0
github.com/nutsdb/nutsdb/merge_recovery.go:35.101,37.5 1 0
github.com/nutsdb/nutsdb/merge_recovery.go:38.4,38.101 1 0
github.com/nutsdb/nutsdb/merge_recovery.go:38.101,40.5 1 0
github.com/nutsdb/nutsdb/merge_recovery.go:42.3,42.57 1 0
github.com/nutsdb/nutsdb/merge_recovery.go:42.57,44.4 1 0
github.com/nutsdb/nutsdb/merge_recovery.go:45.10,46.73 1 0
github.com/nutsdb/nutsdb/merge_recovery.go:49.2,49.12 1 0
github.com/nutsdb/nutsdb/merge_utils.go:15.36,17.2 1 0
github.com/nutsdb/nutsdb/merge_utils.go:19.37,21.2 1 0
github.com/nutsdb/nutsdb/merge_utils.go:23.36,25.2 1 0
github.com/nutsdb/nutsdb/merge_utils.go:27.31,29.2 1 0
github.com/nutsdb/nutsdb/merge_utils.go:31.40,33.2 1 0
github.com/nutsdb/nutsdb/merge_utils.go:35.40,37.2 1 0
github.com/nutsdb/nutsdb/merge_utils.go:39.51,41.2 1 0
github.com/nutsdb/nutsdb/merge_utils.go:43.51,45.2 1 0
github.com/nutsdb/nutsdb/merge_utils.go:47.45,48.49 1 0
github.com/nutsdb/nutsdb/merge_utils.go:48.49,50.3 1 0
github.com/nutsdb/nutsdb/merge_utils.go:51.2,53.13 3 0
github.com/nutsdb/nutsdb/merge_utils.go:53.13,55.3 1 0
github.com/nutsdb/nutsdb/merge_utils.go:56.2,57.16 2 0
github.com/nutsdb/nutsdb/merge_utils.go:57.16,59.3 1 0
github.com/nutsdb/nutsdb/merge_utils.go:60.2,60.18 1 0
github.com/nutsdb/nutsdb/merge_utils.go:63.86,65.16 2 0
github.com/nutsdb/nutsdb/merge_utils.go:65.16,67.3 1 0
github.com/nutsdb/nutsdb/merge_utils.go:68.2,68.32 1 0
github.com/nutsdb/nutsdb/merge_utils.go:68.32,69.20 1 0
github.com/nutsdb/nutsdb/merge_utils.go:69.20,70.12 1 0
github.com/nutsdb/nutsdb/merge_utils.go:72.3,73.43 2 0
github.com/nutsdb/nutsdb/merge_utils.go:73.43,74.12 1 0
github.com/nutsdb/nutsdb/merge_utils.go:76.3,77.41 2 0
github.com/nutsdb/nutsdb/merge_utils.go:77.41,79.12 2 0
github.com/nutsdb/nutsdb/merge_utils.go:81.3,82.17 2 0
github.com/nutsdb/nutsdb/merge_utils.go:82.17,83.12 1 0
github.com/nutsdb/nutsdb/merge_utils.go:85.3,85.32 1 0
github.com/nutsdb/nutsdb/merge_utils.go:87.2,87.42 1 0
github.com/nutsdb/nutsdb/merge_utils.go:87.42,87.76 1 0
github.com/nutsdb/nutsdb/merge_utils.go:88.2,88.43 1 0
github.com/nutsdb/nutsdb/merge_utils.go:88.43,88.79 1 0
github.com/nutsdb/nutsdb/merge_utils.go:89.2,89.31 1 0
github.com/nutsdb/nutsdb/merge_utils.go:92.65,94.16 2 0
github.com/nutsdb/nutsdb/merge_utils.go:94.16,96.3 1 0
github.com/nutsdb/nutsdb/merge_utils.go:97.2,97.31 1 0
github.com/nutsdb/nutsdb/merge_utils.go:97.31,98.18 1 0
github.com/nutsdb/nutsdb/merge_utils.go:98.18,99.30 1 0
github.com/nutsdb/nutsdb/merge_utils.go:99.30,100.13 1 0
github.com/nutsdb/nutsdb/merge_utils.go:103.3,103.81 1 0
github.com/nutsdb/nutsdb/merge_utils.go:103.81,105.4 1 0
github.com/nutsdb/nutsdb/merge_utils.go:106.3,106.81 1 0
github.com/nutsdb/nutsdb/merge_utils.go:106.81,108.4 1 0
github.com/nutsdb/nutsdb/merge_utils.go:110.2,110.12 1 0
github.com/nutsdb/nutsdb/merge_v2.go:88.31,92.38 2 0
github.com/nutsdb/nutsdb/merge_v2.go:92.38,94.3 1 0
github.com/nutsdb/nutsdb/merge_v2.go:95.2,98.48 2 0
github.com/nutsdb/nutsdb/merge_v2.go:98.48,100.3 1 0
github.com/nutsdb/nutsdb/merge_v2.go:103.2,103.38 1 0
github.com/nutsdb/nutsdb/merge_v2.go:103.38,105.3 1 0
github.com/nutsdb/nutsdb/merge_v2.go:108.2,108.37 1 0
github.com/nutsdb/nutsdb/merge_v2.go:108.37,110.3 1 0
github.com/nutsdb/nutsdb/merge_v2.go:113.2,113.46 1 0
github.com/nutsdb/nutsdb/merge_v2.go:113.46,115.3 1 0
github.com/nutsdb/nutsdb/merge_v2.go:118.2,118.46 1 0
github.com/nutsdb/nutsdb/merge_v2.go:118.46,120.3 1 0
github.com/nutsdb/nutsdb/merge_v2.go:122.2,122.12 1 0
github.com/nutsdb/nutsdb/merge_v2.go:127.40,131.22 2 0
github.com/nutsdb/nutsdb/merge_v2.go:131.22,134.3 2 0
github.com/nutsdb/nutsdb/merge_v2.go:137.2,138.16 2 0
github.com/nutsdb/nutsdb/merge_v2.go:138.16,141.3 2 0
github.com/nutsdb/nutsdb/merge_v2.go:144.2,149.31 4 0
github.com/nutsdb/nutsdb/merge_v2.go:149.31,151.19 2 0
github.com/nutsdb/nutsdb/merge_v2.go:151.19,153.4 1 0
github.com/nutsdb/nutsdb/merge_v2.go:155.2,155.17 1 0
github.com/nutsdb/nutsdb/merge_v2.go:155.17,157.3 1 0
github.com/nutsdb/nutsdb/merge_v2.go:160.2,160.26 1 0
github.com/nutsdb/nutsdb/merge_v2.go:160.26,163.3 2 0
github.com/nutsdb/nutsdb/merge_v2.go:166.2,166.46 1 0
github.com/nutsdb/nutsdb/merge_v2.go:166.46,166.88 1 0
github.com/nutsdb/nutsdb/merge_v2.go:169.2,172.57 2 0
github.com/nutsdb/nutsdb/merge_v2.go:172.57,173.60 1 0
github.com/nutsdb/nutsdb/merge_v2.go:173.60,177.4 3 0
github.com/nutsdb/nutsdb/merge_v2.go:181.2,181.62 1 0
github.com/nutsdb/nutsdb/merge_v2.go:181.62,185.3 3 0
github.com/nutsdb/nutsdb/merge_v2.go:188.2,191.16 4 0
github.com/nutsdb/nutsdb/merge_v2.go:191.16,195.3 3 0
github.com/nutsdb/nutsdb/merge_v2.go:196.2,201.12 4 0
github.com/nutsdb/nutsdb/merge_v2.go:206.33,210.2 3 0
github.com/nutsdb/nutsdb/merge_v2.go:214.50,226.28 3 0
github.com/nutsdb/nutsdb/merge_v2.go:226.28,228.3 1 0
github.com/nutsdb/nutsdb/merge_v2.go:231.2,231.73 1 0
github.com/nutsdb/nutsdb/merge_v2.go:231.73,233.3 1 0
github.com/nutsdb/nutsdb/merge_v2.go:234.2,234.12 1 0
github.com/nutsdb/nutsdb/merge_v2.go:239.40,240.34 1 0
github.com/nutsdb/nutsdb/merge_v2.go:240.34,241.46 1 0
github.com/nutsdb/nutsdb/merge_v2.go:241.46,243.4 1 0
github.com/nutsdb/nutsdb/merge_v2.go:245.2,245.12 1 0
github.com/nutsdb/nutsdb/merge_v2.go:250.48,251.34 1 0
github.com/nutsdb/nutsdb/merge_v2.go:251.34,252.40 1 0
github.com/nutsdb/nutsdb/merge_v2.go:252.40,254.4 1 0
github.com/nutsdb/nutsdb/merge_v2.go:256.2,256.12 1 0
github.com/nutsdb/nutsdb/merge_v2.go:264.39,270.35 3 0
github.com/nutsdb/nutsdb/merge_v2.go:270.35,271.19 1 0
github.com/nutsdb/nutsdb/merge_v2.go:271.19,272.12 1 0
github.com/nutsdb/nutsdb/merge_v2.go:274.3,274.50 1 0
github.com/nutsdb/nutsdb/merge_v2.go:274.50,275.58 1 0
github.com/nutsdb/nutsdb/merge_v2.go:275.58,277.5 1 0
github.com/nutsdb/nutsdb/merge_v2.go:283.2,283.35 1 0
github.com/nutsdb/nutsdb/merge_v2.go:283.35,284.19 1 0
github.com/nutsdb/nutsdb/merge_v2.go:284.19,285.12 1 0
github.com/nutsdb/nutsdb/merge_v2.go:287.3,287.25 1 0
github.com/nutsdb/nutsdb/merge_v2.go:291.2,291.27 1 0
github.com/nutsdb/nutsdb/merge_v2.go:291.27,293.3 1 0
github.com/nutsdb/nutsdb/merge_v2.go:293.8,295.3 1 0
github.com/nutsdb/nutsdb/merge_v2.go:296.2,297.73 2 0
github.com/nutsdb/nutsdb/merge_v2.go:297.73,299.3 1 0
github.com/nutsdb/nutsdb/merge_v2.go:302.2,304.34 3 0
github.com/nutsdb/nutsdb/merge_v2.go:304.34,307.3 2 0
github.com/nutsdb/nutsdb/merge_v2.go:309.2,309.12 1 0
github.com/nutsdb/nutsdb/merge_v2.go:314.48,316.35 1 0
github.com/nutsdb/nutsdb/merge_v2.go:316.35,318.76 2 0
github.com/nutsdb/nutsdb/merge_v2.go:318.76,320.4 1 0
github.com/nutsdb/nutsdb/merge_v2.go:323.2,323.36 1 0
github.com/nutsdb/nutsdb/merge_v2.go:323.36,324.76 1 0
github.com/nutsdb/nutsdb/merge_v2.go:324.76,326.4 1 0
github.com/nutsdb/nutsdb/merge_v2.go:329.2,329.44 1 0
github.com/nutsdb/nutsdb/merge_v2.go:334.47,338.34 2 0
github.com/nutsdb/nutsdb/merge_v2.go:338.34,339.17 1 0
github.com/nutsdb/nutsdb/merge_v2.go:339.17,340.57 1 0
github.com/nutsdb/nutsdb/merge_v2.go:340.57,342.5 1 0
github.com/nutsdb/nutsdb/merge_v2.go:343.4,343.26 1 0
github.com/nutsdb/nutsdb/merge_v2.go:343.26,344.104 1 0
github.com/nutsdb/nutsdb/merge_v2.go:344.104,346.6 1 0
github.com/nutsdb/nutsdb/merge_v2.go:348.4,348.26 1 0
github.com/nutsdb/nutsdb/merge_v2.go:348.26,349.104 1 0
github.com/nutsdb/nutsdb/merge_v2.go:349.104,351.6 1 0
github.com/nutsdb/nutsdb/merge_v2.go:357.2,357.76 1 0
github.com/nutsdb/nutsdb/merge_v2.go:357.76,359.3 1 0
github.com/nutsdb/nutsdb/merge_v2.go:362.2,362.19 1 0
github.com/nutsdb/nutsdb/merge_v2.go:362.19,364.3 1 0
github.com/nutsdb/nutsdb/merge_v2.go:366.2,366.12 1 0
github.com/nutsdb/nutsdb/merge_v2.go:371.53,374.16 3 0
github.com/nutsdb/nutsdb/merge_v2.go:374.16,376.3 1 0
github.com/nutsdb/nutsdb/merge_v2.go:377.2,377.15 1 0
github.com/nutsdb/nutsdb/merge_v2.go:377.15,378.52 1 0
github.com/nutsdb/nutsdb/merge_v2.go:378.53,381.4 0 0
github.com/nutsdb/nutsdb/merge_v2.go:384.2,385.6 2 0
github.com/nutsdb/nutsdb/merge_v2.go:385.6,386.21 1 0
github.com/nutsdb/nutsdb/merge_v2.go:386.21,387.9 1 0
github.com/nutsdb/nutsdb/merge_v2.go:389.3,390.17 2 0
github.com/nutsdb/nutsdb/merge_v2.go:390.17,391.151 1 0
github.com/nutsdb/nutsdb/merge_v2.go:391.151,392.10 1 0
github.com/nutsdb/nutsdb/merge_v2.go:394.4,394.76 1 0
github.com/nutsdb/nutsdb/merge_v2.go:396.3,396.19 1 0
github.com/nutsdb/nutsdb/merge_v2.go:396.19,397.9 1 0
github.com/nutsdb/nutsdb/merge_v2.go:399.3,402.14 2 0
github.com/nutsdb/nutsdb/merge_v2.go:402.14,404.12 2 0
github.com/nutsdb/nutsdb/merge_v2.go:407.3,410.37 2 0
github.com/nutsdb/nutsdb/merge_v2.go:410.37,411.12 1 0
github.com/nutsdb/nutsdb/merge_v2.go:414.3,414.23 1 0
github.com/nutsdb/nutsdb/merge_v2.go:414.23,415.12 1 0
github.com/nutsdb/nutsdb/merge_v2.go:418.3,418.59 1 0
github.com/nutsdb/nutsdb/merge_v2.go:418.59,419.12 1 0
github.com/nutsdb/nutsdb/merge_v2.go:423.3,426.15 4 0
github.com/nutsdb/nutsdb/merge_v2.go:426.15,427.12 1 0
github.com/nutsdb/nutsdb/merge_v2.go:431.3,431.32 1 0
github.com/nutsdb/nutsdb/merge_v2.go:431.32,433.4 1 0
github.com/nutsdb/nutsdb/merge_v2.go:435.3,435.47 1 0
github.com/nutsdb/nutsdb/merge_v2.go:435.47,437.4 1 0
github.com/nutsdb/nutsdb/merge_v2.go:440.2,440.12 1 0
github.com/nutsdb/nutsdb/merge_v2.go:445.55,446.18 1 0
github.com/nutsdb/nutsdb/merge_v2.go:446.18,448.3 1 0
github.com/nutsdb/nutsdb/merge_v2.go:450.2,451.20 2 0
github.com/nutsdb/nutsdb/merge_v2.go:451.20,453.3 1 0
github.com/nutsdb/nutsdb/merge_v2.go:456.2,457.16 2 0
github.com/nutsdb/nutsdb/merge_v2.go:457.16,459.3 1 0
github.com/nutsdb/nutsdb/merge_v2.go:461.2,461.16 1 0
github.com/nutsdb/nutsdb/merge_v2.go:461.16,463.3 1 0
github.com/nutsdb/nutsdb/merge_v2.go:466.2,467.62 2 0
github.com/nutsdb/nutsdb/merge_v2.go:467.62,469.3 1 0
github.com/nutsdb/nutsdb/merge_v2.go:470.2,481.82 4 0
github.com/nutsdb/nutsdb/merge_v2.go:481.82,484.49 3 0
github.com/nutsdb/nutsdb/merge_v2.go:484.49,486.4 1 0
github.com/nutsdb/nutsdb/merge_v2.go:487.3,488.34 2 0
github.com/nutsdb/nutsdb/merge_v2.go:492.2,494.12 2 0
github.com/nutsdb/nutsdb/merge_v2.go:499.71,500.15 1 0
github.com/nutsdb/nutsdb/merge_v2.go:500.15,502.3 1 0
github.com/nutsdb/nutsdb/merge_v2.go:505.2,505.27 1 0
github.com/nutsdb/nutsdb/merge_v2.go:505.27,507.3 1 0
github.com/nutsdb/nutsdb/merge_v2.go:510.2,511.16 2 0
github.com/nutsdb/nutsdb/merge_v2.go:511.16,513.3 1 0
github.com/nutsdb/nutsdb/merge_v2.go:516.2,516.48 1 0
github.com/nutsdb/nutsdb/merge_v2.go:516.48,518.3 1 0
github.com/nutsdb/nutsdb/merge_v2.go:520.2,520.17 1 0
github.com/nutsdb/nutsdb/merge_v2.go:525.58,532.79 5 0
github.com/nutsdb/nutsdb/merge_v2.go:532.79,534.3 1 0
github.com/nutsdb/nutsdb/merge_v2.go:535.2,535.79 1 0
github.com/nutsdb/nutsdb/merge_v2.go:535.79,537.3 1 0
github.com/nutsdb/nutsdb/merge_v2.go:540.2,541.16 2 0
github.com/nutsdb/nutsdb/merge_v2.go:541.16,543.3 1 0
github.com/nutsdb/nutsdb/merge_v2.go:546.2,548.31 3 0
github.com/nutsdb/nutsdb/merge_v2.go:548.31,550.53 2 0
github.com/nutsdb/nutsdb/merge_v2.go:550.53,555.4 3 0
github.com/nutsdb/nutsdb/merge_v2.go:556.3,556.83 1 0
github.com/nutsdb/nutsdb/merge_v2.go:559.2,568.17 3 0
github.com/nutsdb/nutsdb/merge_v2.go:573.42,574.19 1 0
github.com/nutsdb/nutsdb/merge_v2.go:574.19,576.3 1 0
github.com/nutsdb/nutsdb/merge_v2.go:578.2,581.26 2 0
github.com/nutsdb/nutsdb/merge_v2.go:581.26,582.90 1 0
github.com/nutsdb/nutsdb/merge_v2.go:582.90,584.4 1 0
github.com/nutsdb/nutsdb/merge_v2.go:588.2,588.25 1 0
github.com/nutsdb/nutsdb/merge_v2.go:588.25,589.45 1 0
github.com/nutsdb/nutsdb/merge_v2.go:589.45,591.4 1 0
github.com/nutsdb/nutsdb/merge_v2.go:593.3,593.46 1 0
github.com/nutsdb/nutsdb/merge_v2.go:593.46,595.4 1 0
github.com/nutsdb/nutsdb/merge_v2.go:599.2,602.19 2 0
github.com/nutsdb/nutsdb/merge_v2.go:602.19,604.3 1 0
github.com/nutsdb/nutsdb/merge_v2.go:606.2,606.12 1 0
github.com/nutsdb/nutsdb/merge_v2.go:611.77,613.40 1 0
github.com/nutsdb/nutsdb/merge_v2.go:613.40,620.3 6 0
github.com/nutsdb/nutsdb/merge_v2.go:621.2,621.14 1 0
github.com/nutsdb/nutsdb/merge_v2.go:631.61,632.39 1 0
github.com/nutsdb/nutsdb/merge_v2.go:632.39,634.3 1 0
github.com/nutsdb/nutsdb/merge_v2.go:636.2,639.17 3 0
github.com/nutsdb/nutsdb/merge_v2.go:640.26,643.13 2 0
github.com/nutsdb/nutsdb/merge_v2.go:643.13,645.4 1 0
github.com/nutsdb/nutsdb/merge_v2.go:646.3,647.27 2 0
github.com/nutsdb/nutsdb/merge_v2.go:647.27,649.4 1 0
github.com/nutsdb/nutsdb/merge_v2.go:650.3,650.44 1 0
github.com/nutsdb/nutsdb/merge_v2.go:652.24,655.13 2 0
github.com/nutsdb/nutsdb/merge_v2.go:655.13,657.4 1 0
github.com/nutsdb/nutsdb/merge_v2.go:658.3,659.10 2 0
github.com/nutsdb/nutsdb/merge_v2.go:659.10,661.4 1 0
github.com/nutsdb/nutsdb/merge_v2.go:663.3,663.26 1 0
github.com/nutsdb/nutsdb/merge_v2.go:663.26,665.4 1 0
github.com/nutsdb/nutsdb/merge_v2.go:666.3,667.27 2 0
github.com/nutsdb/nutsdb/merge_v2.go:667.27,669.4 1 0
github.com/nutsdb/nutsdb/merge_v2.go:670.3,670.44 1 0
github.com/nutsdb/nutsdb/merge_v2.go:672.25,674.63 1 0
github.com/nutsdb/nutsdb/merge_v2.go:674.63,676.4 1 0
github.com/nutsdb/nutsdb/merge_v2.go:677.3,678.13 2 0
github.com/nutsdb/nutsdb/merge_v2.go:678.13,680.4 1 0
github.com/nutsdb/nutsdb/merge_v2.go:682.3,683.21 2 0
github.com/nutsdb/nutsdb/merge_v2.go:683.21,685.4 1 0
github.com/nutsdb/nutsdb/merge_v2.go:686.3,687.10 2 0
github.com/nutsdb/nutsdb/merge_v2.go:687.10,689.4 1 0
github.com/nutsdb/nutsdb/merge_v2.go:691.3,692.27 2 0
github.com/nutsdb/nutsdb/merge_v2.go:692.27,694.4 1 0
github.com/nutsdb/nutsdb/merge_v2.go:695.3,695.44 1 0
github.com/nutsdb/nutsdb/merge_v2.go:697.30,700.13 2 0
github.com/nutsdb/nutsdb/merge_v2.go:700.13,702.4 1 0
github.com/nutsdb/nutsdb/merge_v2.go:704.3,705.16 2 0
github.com/nutsdb/nutsdb/merge_v2.go:705.16,707.4 1 0
github.com/nutsdb/nutsdb/merge_v2.go:708.3,709.10 2 0
github.com/nutsdb/nutsdb/merge_v2.go:709.10,711.4 1 0
github.com/nutsdb/nutsdb/merge_v2.go:713.3,713.26 1 0
github.com/nutsdb/nutsdb/merge_v2.go:713.26,715.4 1 0
github.com/nutsdb/nutsdb/merge_v2.go:716.3,717.25 2 0
github.com/nutsdb/nutsdb/merge_v2.go:717.25,719.4 1 0
github.com/nutsdb/nutsdb/merge_v2.go:720.3,721.20 2 0
github.com/nutsdb/nutsdb/merge_v2.go:721.20,723.4 1 0
github.com/nutsdb/nutsdb/merge_v2.go:724.3,724.44 1 0
github.com/nutsdb/nutsdb/metadata.go:115.36,130.2 11 0
github.com/nutsdb/nutsdb/metadata.go:132.43,134.2 1 0
github.com/nutsdb/nutsdb/metadata.go:136.30,138.2 1 1
github.com/nutsdb/nutsdb/metadata.go:140.61,143.2 2 1
github.com/nutsdb/nutsdb/metadata.go:145.65,148.2 2 1
github.com/nutsdb/nutsdb/metadata.go:150.65,153.2 2 1
github.com/nutsdb/nutsdb/metadata.go:155.53,158.2 2 1
github.com/nutsdb/nutsdb/metadata.go:160.55,163.2 2 1
github.com/nutsdb/nutsdb/metadata.go:165.67,168.2 2 0
github.com/nutsdb/nutsdb/metadata.go:170.55,173.2 2 0
github.com/nutsdb/nutsdb/metadata.go:175.59,178.2 2 0
github.com/nutsdb/nutsdb/metadata.go:180.51,183.2 2 0
github.com/nutsdb/nutsdb/metadata.go:185.53,188.2 2 0
github.com/nutsdb/nutsdb/metadata.go:190.63,193.2 2 1
github.com/nutsdb/nutsdb/metadata.go:195.38,197.2 1 0
github.com/nutsdb/nutsdb/metadata.go:199.36,201.2 1 0
github.com/nutsdb/nutsdb/metadata.go:203.40,205.2 1 0
github.com/nutsdb/nutsdb/metadata.go:207.37,209.2 1 0
github.com/nutsdb/nutsdb/options.go:48.77,50.2 1 0
github.com/nutsdb/nutsdb/options.go:72.51,74.2 1 0
github.com/nutsdb/nutsdb/options.go:174.37,191.2 1 1
github.com/nutsdb/nutsdb/options.go:193.46,210.2 1 1
github.com/nutsdb/nutsdb/options.go:214.33,215.28 1 0
github.com/nutsdb/nutsdb/options.go:215.28,217.3 1 0
github.com/nutsdb/nutsdb/options.go:220.57,221.28 1 0
github.com/nutsdb/nutsdb/options.go:221.28,223.3 1 0
github.com/nutsdb/nutsdb/options.go:226.39,227.28 1 0
github.com/nutsdb/nutsdb/options.go:227.28,229.3 1 0
github.com/nutsdb/nutsdb/options.go:232.41,233.28 1 0
github.com/nutsdb/nutsdb/options.go:233.28,235.3 1 0
github.com/nutsdb/nutsdb/options.go:238.44,239.28 1 0
github.com/nutsdb/nutsdb/options.go:239.28,241.3 1 0
github.com/nutsdb/nutsdb/options.go:244.53,245.28 1 0
github.com/nutsdb/nutsdb/options.go:245.28,247.3 1 0
github.com/nutsdb/nutsdb/options.go:250.42,251.28 1 0
github.com/nutsdb/nutsdb/options.go:251.28,253.3 1 0
github.com/nutsdb/nutsdb/options.go:256.36,257.28 1 0
github.com/nutsdb/nutsdb/options.go:257.28,259.3 1 0
github.com/nutsdb/nutsdb/options.go:262.41,263.28 1 0
github.com/nutsdb/nutsdb/options.go:263.28,265.3 1 0
github.com/nutsdb/nutsdb/options.go:268.43,269.28 1 0
github.com/nutsdb/nutsdb/options.go:269.28,271.3 1 0
github.com/nutsdb/nutsdb/options.go:274.59,275.28 1 0
github.com/nutsdb/nutsdb/options.go:275.28,277.3 1 0
github.com/nutsdb/nutsdb/options.go:280.48,281.28 1 0
github.com/nutsdb/nutsdb/options.go:281.28,283.3 1 0
github.com/nutsdb/nutsdb/options.go:286.42,287.28 1 0
github.com/nutsdb/nutsdb/options.go:287.28,289.3 1 0
github.com/nutsdb/nutsdb/options.go:292.57,293.28 1 0
github.com/nutsdb/nutsdb/options.go:293.28,295.3 1 0
github.com/nutsdb/nutsdb/options.go:298.58,299.28 1 0
github.com/nutsdb/nutsdb/options.go:299.28,301.3 1 0
github.com/nutsdb/nutsdb/options.go:304.45,305.28 1 0
github.com/nutsdb/nutsdb/options.go:305.28,307.3 1 0
github.com/nutsdb/nutsdb/options.go:310.64,311.28 1 0
github.com/nutsdb/nutsdb/options.go:311.28,313.3 1 0
github.com/nutsdb/nutsdb/options.go:316.45,317.28 1 0
github.com/nutsdb/nutsdb/options.go:317.28,319.3 1 0
github.com/nutsdb/nutsdb/options.go:322.44,323.28 1 0
github.com/nutsdb/nutsdb/options.go:323.28,325.3 1 0
github.com/nutsdb/nutsdb/options.go:328.59,329.28 1 0
github.com/nutsdb/nutsdb/options.go:329.28,331.3 1 0
github.com/nutsdb/nutsdb/pending.go:50.48,57.2 2 0
github.com/nutsdb/nutsdb/pending.go:60.78,61.12 1 0
github.com/nutsdb/nutsdb/pending.go:62.26,63.57 1 0
github.com/nutsdb/nutsdb/pending.go:63.57,65.4 1 0
github.com/nutsdb/nutsdb/pending.go:66.3,66.72 1 0
github.com/nutsdb/nutsdb/pending.go:66.72,68.4 1 0
github.com/nutsdb/nutsdb/pending.go:69.3,69.52 1 0
github.com/nutsdb/nutsdb/pending.go:70.10,71.46 1 0
github.com/nutsdb/nutsdb/pending.go:71.46,73.4 1 0
github.com/nutsdb/nutsdb/pending.go:74.3,77.17 4 0
github.com/nutsdb/nutsdb/pending.go:81.98,82.12 1 0
github.com/nutsdb/nutsdb/pending.go:83.26,84.56 1 0
github.com/nutsdb/nutsdb/pending.go:84.56,85.66 1 0
github.com/nutsdb/nutsdb/pending.go:85.66,87.5 1 0
github.com/nutsdb/nutsdb/pending.go:87.10,89.5 1 0
github.com/nutsdb/nutsdb/pending.go:91.3,91.32 1 0
github.com/nutsdb/nutsdb/pending.go:92.10,93.45 1 0
github.com/nutsdb/nutsdb/pending.go:93.45,94.54 1 0
github.com/nutsdb/nutsdb/pending.go:94.54,95.31 1 0
github.com/nutsdb/nutsdb/pending.go:95.31,96.33 1 0
github.com/nutsdb/nutsdb/pending.go:96.33,98.7 1 0
github.com/nutsdb/nutsdb/pending.go:100.5,100.31 1 0
github.com/nutsdb/nutsdb/pending.go:101.10,103.5 1 0
github.com/nutsdb/nutsdb/pending.go:105.3,105.32 1 0
github.com/nutsdb/nutsdb/pending.go:109.98,111.16 2 0
github.com/nutsdb/nutsdb/pending.go:111.16,113.3 1 0
github.com/nutsdb/nutsdb/pending.go:114.2,114.32 1 0
github.com/nutsdb/nutsdb/pending.go:114.32,116.3 1 0
github.com/nutsdb/nutsdb/pending.go:117.2,117.75 1 0
github.com/nutsdb/nutsdb/pending.go:122.27,125.9 2 0
github.com/nutsdb/nutsdb/pending.go:125.9,127.3 1 0
github.com/nutsdb/nutsdb/pending.go:128.2,130.23 3 0
github.com/nutsdb/nutsdb/pending.go:130.23,131.73 1 0
github.com/nutsdb/nutsdb/pending.go:131.73,134.4 2 0
github.com/nutsdb/nutsdb/pending.go:136.2,140.8 2 0
github.com/nutsdb/nutsdb/pending.go:144.76,145.32 1 0
github.com/nutsdb/nutsdb/pending.go:145.32,146.38 1 0
github.com/nutsdb/nutsdb/pending.go:146.38,148.18 2 0
github.com/nutsdb/nutsdb/pending.go:148.18,150.5 1 0
github.com/nutsdb/nutsdb/pending.go:153.2,153.12 1 0
github.com/nutsdb/nutsdb/pending.go:157.52,159.57 2 0
github.com/nutsdb/nutsdb/pending.go:159.57,160.41 1 0
github.com/nutsdb/nutsdb/pending.go:160.41,162.4 1 0
github.com/nutsdb/nutsdb/pending.go:164.2,164.46 1 0
github.com/nutsdb/nutsdb/pending.go:164.46,165.39 1 0
github.com/nutsdb/nutsdb/pending.go:165.39,167.4 1 0
github.com/nutsdb/nutsdb/pending.go:169.2,169.13 1 0
github.com/nutsdb/nutsdb/pending.go:172.111,174.32 2 0
github.com/nutsdb/nutsdb/pending.go:174.32,176.3 1 0
github.com/nutsdb/nutsdb/pending.go:177.2,178.32 2 0
github.com/nutsdb/nutsdb/pending.go:178.32,180.10 2 0
github.com/nutsdb/nutsdb/pending.go:180.10,181.9 1 0
github.com/nutsdb/nutsdb/pending.go:186.102,196.27 2 0
github.com/nutsdb/nutsdb/pending.go:196.27,201.4 4 0
github.com/nutsdb/nutsdb/pending.go:203.2,203.19 1 0
github.com/nutsdb/nutsdb/pending.go:203.19,205.3 1 0
github.com/nutsdb/nutsdb/pending.go:206.2,206.11 1 0
github.com/nutsdb/nutsdb/pending.go:206.11,208.3 1 0
github.com/nutsdb/nutsdb/pending.go:209.2,209.21 1 0
github.com/nutsdb/nutsdb/pending.go:214.55,216.2 1 0
github.com/nutsdb/nutsdb/recovery_reader.go:16.78,18.16 2 0
github.com/nutsdb/nutsdb/recovery_reader.go:18.16,20.3 1 0
github.com/nutsdb/nutsdb/recovery_reader.go:21.2,23.16 3 0
github.com/nutsdb/nutsdb/recovery_reader.go:23.16,25.3 1 0
github.com/nutsdb/nutsdb/recovery_reader.go:26.2,30.8 1 0
github.com/nutsdb/nutsdb/recovery_reader.go:34.68,37.24 2 0
github.com/nutsdb/nutsdb/recovery_reader.go:37.24,39.3 1 0
github.com/nutsdb/nutsdb/recovery_reader.go:41.2,43.16 3 0
github.com/nutsdb/nutsdb/recovery_reader.go:43.16,45.3 1 0
github.com/nutsdb/nutsdb/recovery_reader.go:47.2,48.16 2 0
github.com/nutsdb/nutsdb/recovery_reader.go:48.16,50.3 1 0
github.com/nutsdb/nutsdb/recovery_reader.go:52.2,54.16 3 0
github.com/nutsdb/nutsdb/recovery_reader.go:54.16,56.3 1 0
github.com/nutsdb/nutsdb/recovery_reader.go:58.2,58.16 1 0
github.com/nutsdb/nutsdb/recovery_reader.go:58.16,60.3 1 0
github.com/nutsdb/nutsdb/recovery_reader.go:62.2,69.31 6 0
github.com/nutsdb/nutsdb/recovery_reader.go:69.31,71.3 1 0
github.com/nutsdb/nutsdb/recovery_reader.go:71.8,74.17 3 0
github.com/nutsdb/nutsdb/recovery_reader.go:74.17,76.4 1 0
github.com/nutsdb/nutsdb/recovery_reader.go:79.2,80.16 2 0
github.com/nutsdb/nutsdb/recovery_reader.go:80.16,82.3 1 0
github.com/nutsdb/nutsdb/recovery_reader.go:84.2,85.23 2 0
github.com/nutsdb/nutsdb/recovery_reader.go:85.23,87.3 1 0
github.com/nutsdb/nutsdb/recovery_reader.go:89.2,89.15 1 0
github.com/nutsdb/nutsdb/recovery_reader.go:92.61,95.16 3 0
github.com/nutsdb/nutsdb/recovery_reader.go:95.16,97.3 1 0
github.com/nutsdb/nutsdb/recovery_reader.go:98.2,104.16 7 0
github.com/nutsdb/nutsdb/recovery_reader.go:104.16,106.3 1 0
github.com/nutsdb/nutsdb/recovery_reader.go:107.2,108.16 2 0
github.com/nutsdb/nutsdb/recovery_reader.go:108.16,110.3 1 0
github.com/nutsdb/nutsdb/recovery_reader.go:112.2,112.52 1 0
github.com/nutsdb/nutsdb/recovery_reader.go:112.52,114.3 1 0
github.com/nutsdb/nutsdb/recovery_reader.go:116.2,116.20 1 0
github.com/nutsdb/nutsdb/recovery_reader.go:122.34,124.22 2 0
github.com/nutsdb/nutsdb/recovery_reader.go:124.22,126.3 1 0
github.com/nutsdb/nutsdb/recovery_reader.go:127.2,128.13 2 0
github.com/nutsdb/nutsdb/recovery_reader.go:128.13,130.3 1 0
github.com/nutsdb/nutsdb/recovery_reader.go:131.2,131.13 1 0
github.com/nutsdb/nutsdb/recovery_reader.go:134.41,136.2 1 0
github.com/nutsdb/nutsdb/set.go:40.20,44.2 1 0
github.com/nutsdb/nutsdb/set.go:47.79,49.9 2 0
github.com/nutsdb/nutsdb/set.go:49.9,52.3 2 0
github.com/nutsdb/nutsdb/set.go:54.2,54.31 1 0
github.com/nutsdb/nutsdb/set.go:54.31,56.17 2 0
github.com/nutsdb/nutsdb/set.go:56.17,58.4 1 0
github.com/nutsdb/nutsdb/set.go:59.3,59.25 1 0
github.com/nutsdb/nutsdb/set.go:62.2,62.12 1 0
github.com/nutsdb/nutsdb/set.go:66.56,68.9 2 0
github.com/nutsdb/nutsdb/set.go:68.9,70.3 1 0
github.com/nutsdb/nutsdb/set.go:72.2,72.42 1 0
github.com/nutsdb/nutsdb/set.go:72.42,74.3 1 0
github.com/nutsdb/nutsdb/set.go:76.2,76.31 1 0
github.com/nutsdb/nutsdb/set.go:76.31,78.17 2 0
github.com/nutsdb/nutsdb/set.go:78.17,80.4 1 0
github.com/nutsdb/nutsdb/set.go:81.3,81.20 1 0
github.com/nutsdb/nutsdb/set.go:84.2,84.12 1 0
github.com/nutsdb/nutsdb/set.go:88.40,89.27 1 0
github.com/nutsdb/nutsdb/set.go:89.27,91.3 1 0
github.com/nutsdb/nutsdb/set.go:92.2,92.14 1 0
github.com/nutsdb/nutsdb/set.go:96.45,97.21 1 0
github.com/nutsdb/nutsdb/set.go:97.21,99.3 1 0
github.com/nutsdb/nutsdb/set.go:101.2,101.37 1 0
github.com/nutsdb/nutsdb/set.go:101.37,104.3 2 0
github.com/nutsdb/nutsdb/set.go:106.2,106.12 1 0
github.com/nutsdb/nutsdb/set.go:110.37,111.21 1 0
github.com/nutsdb/nutsdb/set.go:111.21,113.3 1 0
github.com/nutsdb/nutsdb/set.go:115.2,115.22 1 0
github.com/nutsdb/nutsdb/set.go:119.64,120.42 1 0
github.com/nutsdb/nutsdb/set.go:120.42,122.3 1 0
github.com/nutsdb/nutsdb/set.go:124.2,126.38 2 0
github.com/nutsdb/nutsdb/set.go:126.38,127.36 1 0
github.com/nutsdb/nutsdb/set.go:127.36,129.4 1 0
github.com/nutsdb/nutsdb/set.go:131.2,131.21 1 0
github.com/nutsdb/nutsdb/set.go:135.65,136.42 1 0
github.com/nutsdb/nutsdb/set.go:136.42,138.3 1 0
github.com/nutsdb/nutsdb/set.go:140.2,142.38 2 0
github.com/nutsdb/nutsdb/set.go:142.38,143.35 1 0
github.com/nutsdb/nutsdb/set.go:143.35,145.4 1 0
github.com/nutsdb/nutsdb/set.go:147.2,147.21 1 0
github.com/nutsdb/nutsdb/set.go:151.65,152.28 1 0
github.com/nutsdb/nutsdb/set.go:152.28,154.3 1 0
github.com/nutsdb/nutsdb/set.go:156.2,157.16 2 0
github.com/nutsdb/nutsdb/set.go:157.16,159.3 1 0
github.com/nutsdb/nutsdb/set.go:161.2,161.33 1 0
github.com/nutsdb/nutsdb/set.go:161.33,163.3 1 0
github.com/nutsdb/nutsdb/set.go:165.2,165.19 1 0
github.com/nutsdb/nutsdb/set.go:170.71,171.28 1 0
github.com/nutsdb/nutsdb/set.go:171.28,173.3 1 0
github.com/nutsdb/nutsdb/set.go:175.2,175.31 1 0
github.com/nutsdb/nutsdb/set.go:175.31,178.17 2 0
github.com/nutsdb/nutsdb/set.go:178.17,180.4 1 0
github.com/nutsdb/nutsdb/set.go:182.3,182.35 1 0
github.com/nutsdb/nutsdb/set.go:182.35,184.4 1 0
github.com/nutsdb/nutsdb/set.go:187.2,187.18 1 0
github.com/nutsdb/nutsdb/set.go:191.60,192.28 1 0
github.com/nutsdb/nutsdb/set.go:192.28,194.3 1 0
github.com/nutsdb/nutsdb/set.go:196.2,198.34 2 0
github.com/nutsdb/nutsdb/set.go:198.34,200.3 1 0
github.com/nutsdb/nutsdb/set.go:202.2,202.21 1 0
github.com/nutsdb/nutsdb/set.go:206.68,207.42 1 0
github.com/nutsdb/nutsdb/set.go:207.42,209.3 1 0
github.com/nutsdb/nutsdb/set.go:211.2,214.16 3 0
github.com/nutsdb/nutsdb/set.go:214.16,216.3 1 0
github.com/nutsdb/nutsdb/set.go:218.2,223.34 2 0
github.com/nutsdb/nutsdb/set.go:223.34,225.3 1 0
github.com/nutsdb/nutsdb/set.go:227.2,227.29 1 0
github.com/nutsdb/nutsdb/set.go:227.29,229.17 2 0
github.com/nutsdb/nutsdb/set.go:229.17,231.4 1 0
github.com/nutsdb/nutsdb/set.go:234.2,235.16 2 0
github.com/nutsdb/nutsdb/set.go:235.16,237.3 1 0
github.com/nutsdb/nutsdb/set.go:239.2,239.18 1 0
github.com/nutsdb/nutsdb/set.go:243.65,244.42 1 0
github.com/nutsdb/nutsdb/set.go:244.42,246.3 1 0
github.com/nutsdb/nutsdb/set.go:248.2,250.16 2 0
github.com/nutsdb/nutsdb/set.go:250.16,252.3 1 0
github.com/nutsdb/nutsdb/set.go:254.2,254.38 1 0
github.com/nutsdb/nutsdb/set.go:254.38,255.36 1 0
github.com/nutsdb/nutsdb/set.go:255.36,257.4 1 0
github.com/nutsdb/nutsdb/set.go:260.2,260.21 1 0
github.com/nutsdb/nutsdb/sorted_set.go:46.38,51.2 1 0
github.com/nutsdb/nutsdb/sorted_set.go:53.92,55.9 2 0
github.com/nutsdb/nutsdb/sorted_set.go:55.9,58.3 2 0
github.com/nutsdb/nutsdb/sorted_set.go:60.2,60.44 1 0
github.com/nutsdb/nutsdb/sorted_set.go:63.74,66.9 2 0
github.com/nutsdb/nutsdb/sorted_set.go:66.9,68.3 1 0
github.com/nutsdb/nutsdb/sorted_set.go:70.2,73.29 3 0
github.com/nutsdb/nutsdb/sorted_set.go:73.29,75.3 1 0
github.com/nutsdb/nutsdb/sorted_set.go:77.2,77.21 1 0
github.com/nutsdb/nutsdb/sorted_set.go:80.52,81.35 1 0
github.com/nutsdb/nutsdb/sorted_set.go:81.35,83.3 1 0
github.com/nutsdb/nutsdb/sorted_set.go:85.2,85.32 1 0
github.com/nutsdb/nutsdb/sorted_set.go:88.107,89.35 1 0
github.com/nutsdb/nutsdb/sorted_set.go:89.35,91.3 1 0
github.com/nutsdb/nutsdb/sorted_set.go:92.2,92.32 1 0
github.com/nutsdb/nutsdb/sorted_set.go:95.71,96.35 1 0
github.com/nutsdb/nutsdb/sorted_set.go:96.35,98.18 2 0
github.com/nutsdb/nutsdb/sorted_set.go:98.18,100.4 1 0
github.com/nutsdb/nutsdb/sorted_set.go:101.3,101.37 1 0
github.com/nutsdb/nutsdb/sorted_set.go:104.2,104.37 1 0
github.com/nutsdb/nutsdb/sorted_set.go:107.70,108.35 1 0
github.com/nutsdb/nutsdb/sorted_set.go:108.35,110.18 2 0
github.com/nutsdb/nutsdb/sorted_set.go:110.18,112.4 1 0
github.com/nutsdb/nutsdb/sorted_set.go:113.3,113.37 1 0
github.com/nutsdb/nutsdb/sorted_set.go:116.2,116.37 1 0
github.com/nutsdb/nutsdb/sorted_set.go:119.71,120.35 1 0
github.com/nutsdb/nutsdb/sorted_set.go:120.35,122.18 2 0
github.com/nutsdb/nutsdb/sorted_set.go:122.18,124.4 1 0
github.com/nutsdb/nutsdb/sorted_set.go:125.3,125.37 1 0
github.com/nutsdb/nutsdb/sorted_set.go:128.2,128.37 1 0
github.com/nutsdb/nutsdb/sorted_set.go:131.70,132.35 1 0
github.com/nutsdb/nutsdb/sorted_set.go:132.35,134.18 2 0
github.com/nutsdb/nutsdb/sorted_set.go:134.18,136.4 1 0
github.com/nutsdb/nutsdb/sorted_set.go:137.3,137.37 1 0
github.com/nutsdb/nutsdb/sorted_set.go:140.2,140.37 1 0
github.com/nutsdb/nutsdb/sorted_set.go:143.136,144.35 1 0
github.com/nutsdb/nutsdb/sorted_set.go:144.35,151.30 4 0
github.com/nutsdb/nutsdb/sorted_set.go:151.30,154.4 2 0
github.com/nutsdb/nutsdb/sorted_set.go:156.3,156.30 1 0
github.com/nutsdb/nutsdb/sorted_set.go:159.2,159.39 1 0
github.com/nutsdb/nutsdb/sorted_set.go:162.101,163.35 1 0
github.com/nutsdb/nutsdb/sorted_set.go:163.35,170.30 4 0
github.com/nutsdb/nutsdb/sorted_set.go:170.30,173.4 2 0
github.com/nutsdb/nutsdb/sorted_set.go:175.3,175.30 1 0
github.com/nutsdb/nutsdb/sorted_set.go:178.2,178.39 1 0
github.com/nutsdb/nutsdb/sorted_set.go:181.74,182.35 1 0
github.com/nutsdb/nutsdb/sorted_set.go:182.35,184.17 2 0
github.com/nutsdb/nutsdb/sorted_set.go:184.17,186.4 1 0
github.com/nutsdb/nutsdb/sorted_set.go:187.3,188.18 2 0
github.com/nutsdb/nutsdb/sorted_set.go:188.18,190.4 1 0
github.com/nutsdb/nutsdb/sorted_set.go:191.3,191.41 1 0
github.com/nutsdb/nutsdb/sorted_set.go:194.2,194.34 1 0
github.com/nutsdb/nutsdb/sorted_set.go:197.75,198.35 1 0
github.com/nutsdb/nutsdb/sorted_set.go:198.35,202.3 2 0
github.com/nutsdb/nutsdb/sorted_set.go:204.2,204.29 1 0
github.com/nutsdb/nutsdb/sorted_set.go:207.102,208.35 1 0
github.com/nutsdb/nutsdb/sorted_set.go:208.35,210.3 1 0
github.com/nutsdb/nutsdb/sorted_set.go:212.2,212.31 1 0
github.com/nutsdb/nutsdb/sorted_set.go:215.66,216.35 1 0
github.com/nutsdb/nutsdb/sorted_set.go:216.35,218.17 2 0
github.com/nutsdb/nutsdb/sorted_set.go:218.17,220.4 1 0
github.com/nutsdb/nutsdb/sorted_set.go:221.3,222.16 2 0
github.com/nutsdb/nutsdb/sorted_set.go:222.16,224.4 1 0
github.com/nutsdb/nutsdb/sorted_set.go:225.3,225.19 1 0
github.com/nutsdb/nutsdb/sorted_set.go:227.2,227.32 1 0
github.com/nutsdb/nutsdb/sorted_set.go:230.69,231.35 1 0
github.com/nutsdb/nutsdb/sorted_set.go:231.35,233.17 2 0
github.com/nutsdb/nutsdb/sorted_set.go:233.17,235.4 1 0
github.com/nutsdb/nutsdb/sorted_set.go:236.3,237.16 2 0
github.com/nutsdb/nutsdb/sorted_set.go:237.16,239.4 1 0
github.com/nutsdb/nutsdb/sorted_set.go:240.3,240.19 1 0
github.com/nutsdb/nutsdb/sorted_set.go:242.2,242.32 1 0
github.com/nutsdb/nutsdb/sorted_set.go:245.71,246.35 1 0
github.com/nutsdb/nutsdb/sorted_set.go:246.35,248.18 2 0
github.com/nutsdb/nutsdb/sorted_set.go:248.18,250.4 1 0
github.com/nutsdb/nutsdb/sorted_set.go:251.3,251.39 1 0
github.com/nutsdb/nutsdb/sorted_set.go:253.2,253.32 1 0
github.com/nutsdb/nutsdb/sorted_set.go:256.68,257.35 1 0
github.com/nutsdb/nutsdb/sorted_set.go:257.35,259.17 2 0
github.com/nutsdb/nutsdb/sorted_set.go:259.17,261.4 1 0
github.com/nutsdb/nutsdb/sorted_set.go:262.3,263.17 2 0
github.com/nutsdb/nutsdb/sorted_set.go:265.2,265.36 1 0
github.com/nutsdb/nutsdb/sorted_set.go:297.40,299.2 1 0
github.com/nutsdb/nutsdb/sorted_set.go:302.40,304.2 1 0
github.com/nutsdb/nutsdb/sorted_set.go:307.89,315.2 2 0
github.com/nutsdb/nutsdb/sorted_set.go:321.24,324.54 2 0
github.com/nutsdb/nutsdb/sorted_set.go:324.54,326.3 1 0
github.com/nutsdb/nutsdb/sorted_set.go:327.2,327.30 1 0
github.com/nutsdb/nutsdb/sorted_set.go:327.30,329.3 1 0
github.com/nutsdb/nutsdb/sorted_set.go:331.2,331.25 1 0
github.com/nutsdb/nutsdb/sorted_set.go:334.36,343.2 4 0
github.com/nutsdb/nutsdb/sorted_set.go:345.63,349.2 3 0
github.com/nutsdb/nutsdb/sorted_set.go:351.93,356.37 4 0
github.com/nutsdb/nutsdb/sorted_set.go:356.37,358.22 1 0
github.com/nutsdb/nutsdb/sorted_set.go:358.22,360.4 1 0
github.com/nutsdb/nutsdb/sorted_set.go:360.9,362.4 1 0
github.com/nutsdb/nutsdb/sorted_set.go:364.3,367.54 1 0
github.com/nutsdb/nutsdb/sorted_set.go:367.54,370.4 2 0
github.com/nutsdb/nutsdb/sorted_set.go:372.3,372.16 1 0
github.com/nutsdb/nutsdb/sorted_set.go:379.2,381.22 2 0
github.com/nutsdb/nutsdb/sorted_set.go:381.22,382.37 1 0
github.com/nutsdb/nutsdb/sorted_set.go:382.37,386.4 3 0
github.com/nutsdb/nutsdb/sorted_set.go:387.3,387.19 1 0
[...]
github.com/nutsdb/nutsdb/tx_set.go:317.86,318.45 1 0
github.com/nutsdb/nutsdb/tx_set.go:318.45,320.3 1 0
github.com/nutsdb/nutsdb/tx_set.go:322.2,323.16 2 0
github.com/nutsdb/nutsdb/tx_set.go:323.16,325.3 1 0
github.com/nutsdb/nutsdb/tx_set.go:326.2,327.52 2 0
github.com/nutsdb/nutsdb/tx_set.go:327.52,329.3 1 0
github.com/nutsdb/nutsdb/tx_set.go:331.2,331.25 1 0
github.com/nutsdb/nutsdb/tx_set.go:335.111,336.45 1 0
github.com/nutsdb/nutsdb/tx_set.go:336.45,338.3 1 0
github.com/nutsdb/nutsdb/tx_set.go:340.2,346.16 3 0
github.com/nutsdb/nutsdb/tx_set.go:346.16,348.3 1 0
github.com/nutsdb/nutsdb/tx_set.go:349.2,352.16 3 0
github.com/nutsdb/nutsdb/tx_set.go:352.16,354.3 1 0
github.com/nutsdb/nutsdb/tx_set.go:355.2,357.54 2 0
github.com/nutsdb/nutsdb/tx_set.go:357.54,359.3 1 0
github.com/nutsdb/nutsdb/tx_set.go:361.2,361.54 1 0
github.com/nutsdb/nutsdb/tx_set.go:361.54,363.3 1 0
github.com/nutsdb/nutsdb/tx_set.go:365.2,365.33 1 0
github.com/nutsdb/nutsdb/tx_set.go:365.33,367.3 1 0
github.com/nutsdb/nutsdb/tx_set.go:369.2,369.33 1 0
github.com/nutsdb/nutsdb/tx_set.go:369.33,371.3 1 0
github.com/nutsdb/nutsdb/tx_set.go:373.2,374.16 2 0
github.com/nutsdb/nutsdb/tx_set.go:374.16,376.3 1 0
github.com/nutsdb/nutsdb/tx_set.go:378.2,378.46 1 0
github.com/nutsdb/nutsdb/tx_set.go:378.46,380.17 2 0
github.com/nutsdb/nutsdb/tx_set.go:380.17,382.4 1 0
github.com/nutsdb/nutsdb/tx_set.go:385.2,386.16 2 0
github.com/nutsdb/nutsdb/tx_set.go:386.16,388.3 1 0
github.com/nutsdb/nutsdb/tx_set.go:390.2,390.18 1 0
github.com/nutsdb/nutsdb/tx_set.go:394.85,395.45 1 0
github.com/nutsdb/nutsdb/tx_set.go:395.45,397.3 1 0
github.com/nutsdb/nutsdb/tx_set.go:398.2,399.16 2 0
github.com/nutsdb/nutsdb/tx_set.go:399.16,401.3 1 0
github.com/nutsdb/nutsdb/tx_set.go:402.2,404.52 2 0
github.com/nutsdb/nutsdb/tx_set.go:404.52,406.17 2 0
github.com/nutsdb/nutsdb/tx_set.go:406.17,408.4 1 0
github.com/nutsdb/nutsdb/tx_set.go:410.3,412.30 2 0
github.com/nutsdb/nutsdb/tx_set.go:412.30,414.18 2 0
github.com/nutsdb/nutsdb/tx_set.go:414.18,416.5 1 0
github.com/nutsdb/nutsdb/tx_set.go:417.4,417.21 1 0
github.com/nutsdb/nutsdb/tx_set.go:419.3,419.21 1 0
github.com/nutsdb/nutsdb/tx_set.go:422.2,422.23 1 0
github.com/nutsdb/nutsdb/tx_set.go:426.110,427.45 1 0
github.com/nutsdb/nutsdb/tx_set.go:427.45,429.3 1 0
github.com/nutsdb/nutsdb/tx_set.go:431.2,436.16 3 0
github.com/nutsdb/nutsdb/tx_set.go:436.16,438.3 1 0
github.com/nutsdb/nutsdb/tx_set.go:439.2,442.16 3 0
github.com/nutsdb/nutsdb/tx_set.go:442.16,444.3 1 0
github.com/nutsdb/nutsdb/tx_set.go:445.2,447.54 2 0
github.com/nutsdb/nutsdb/tx_set.go:447.54,449.3 1 0
github.com/nutsdb/nutsdb/tx_set.go:451.2,451.54 1 0
github.com/nutsdb/nutsdb/tx_set.go:451.54,453.3 1 0
github.com/nutsdb/nutsdb/tx_set.go:455.2,455.33 1 0
github.com/nutsdb/nutsdb/tx_set.go:455.33,457.3 1 0
github.com/nutsdb/nutsdb/tx_set.go:459.2,459.33 1 0
github.com/nutsdb/nutsdb/tx_set.go:459.33,461.3 1 0
github.com/nutsdb/nutsdb/tx_set.go:463.2,465.41 2 0
github.com/nutsdb/nutsdb/tx_set.go:465.41,467.17 2 0
github.com/nutsdb/nutsdb/tx_set.go:467.17,469.4 1 0
github.com/nutsdb/nutsdb/tx_set.go:470.3,470.33 1 0
github.com/nutsdb/nutsdb/tx_set.go:473.2,473.44 1 0
github.com/nutsdb/nutsdb/tx_set.go:473.44,474.47 1 0
github.com/nutsdb/nutsdb/tx_set.go:474.47,476.18 2 0
github.com/nutsdb/nutsdb/tx_set.go:476.18,478.5 1 0
github.com/nutsdb/nutsdb/tx_set.go:479.4,479.34 1 0
github.com/nutsdb/nutsdb/tx_set.go:483.2,483.20 1 0
github.com/nutsdb/nutsdb/tx_set.go:487.76,488.45 1 0
github.com/nutsdb/nutsdb/tx_set.go:488.45,490.3 1 0
github.com/nutsdb/nutsdb/tx_set.go:491.2,492.16 2 0
github.com/nutsdb/nutsdb/tx_set.go:492.16,494.3 1 0
github.com/nutsdb/nutsdb/tx_set.go:495.2,496.53 2 0
github.com/nutsdb/nutsdb/tx_set.go:496.53,498.3 1 0
github.com/nutsdb/nutsdb/tx_set.go:498.8,499.26 1 0
github.com/nutsdb/nutsdb/tx_set.go:499.26,500.75 1 0
github.com/nutsdb/nutsdb/tx_set.go:500.75,502.5 1 0
github.com/nutsdb/nutsdb/tx_set.go:505.2,505.12 1 0
github.com/nutsdb/nutsdb/tx_set.go:509.55,511.2 1 0
github.com/nutsdb/nutsdb/tx_set.go:514.62,516.2 1 0
github.com/nutsdb/nutsdb/tx_zset.go:37.80,40.56 2 0
github.com/nutsdb/nutsdb/tx_zset.go:40.56,42.3 1 0
github.com/nutsdb/nutsdb/tx_zset.go:44.2,50.113 6 0
github.com/nutsdb/nutsdb/tx_zset.go:54.90,55.42 1 0
github.com/nutsdb/nutsdb/tx_zset.go:55.42,57.3 1 0
github.com/nutsdb/nutsdb/tx_zset.go:59.2,60.16 2 0
github.com/nutsdb/nutsdb/tx_zset.go:60.16,62.3 1 0
github.com/nutsdb/nutsdb/tx_zset.go:64.2,70.70 2 0
github.com/nutsdb/nutsdb/tx_zset.go:70.70,72.3 1 0
github.com/nutsdb/nutsdb/tx_zset.go:74.2,75.16 2 0
github.com/nutsdb/nutsdb/tx_zset.go:75.16,77.3 1 0
github.com/nutsdb/nutsdb/tx_zset.go:79.2,80.37 2 0
github.com/nutsdb/nutsdb/tx_zset.go:80.37,82.17 2 0
github.com/nutsdb/nutsdb/tx_zset.go:82.17,84.4 1 0
github.com/nutsdb/nutsdb/tx_zset.go:85.3,88.18 1 0
github.com/nutsdb/nutsdb/tx_zset.go:91.2,91.17 1 0
github.com/nutsdb/nutsdb/tx_zset.go:95.61,96.42 1 0
github.com/nutsdb/nutsdb/tx_zset.go:96.42,98.3 1 0
github.com/nutsdb/nutsdb/tx_zset.go:100.2,101.16 2 0
github.com/nutsdb/nutsdb/tx_zset.go:101.16,103.3 1 0
github.com/nutsdb/nutsdb/tx_zset.go:105.2,111.70 2 0
github.com/nutsdb/nutsdb/tx_zset.go:111.70,113.3 1 0
github.com/nutsdb/nutsdb/tx_zset.go:115.2,115.37 1 0
github.com/nutsdb/nutsdb/tx_zset.go:123.112,124.42 1 0
github.com/nutsdb/nutsdb/tx_zset.go:124.42,126.3 1 0
github.com/nutsdb/nutsdb/tx_zset.go:128.2,129.16 2 0
github.com/nutsdb/nutsdb/tx_zset.go:129.16,131.3 1 0
github.com/nutsdb/nutsdb/tx_zset.go:133.2,139.70 2 0
github.com/nutsdb/nutsdb/tx_zset.go:139.70,141.3 1 0
github.com/nutsdb/nutsdb/tx_zset.go:143.2,143.70 1 0
github.com/nutsdb/nutsdb/tx_zset.go:147.76,148.42 1 0
github.com/nutsdb/nutsdb/tx_zset.go:148.42,150.3 1 0
github.com/nutsdb/nutsdb/tx_zset.go:152.2,153.16 2 0
github.com/nutsdb/nutsdb/tx_zset.go:153.16,155.3 1 0
github.com/nutsdb/nutsdb/tx_zset.go:157.2,163.70 2 0
github.com/nutsdb/nutsdb/tx_zset.go:163.70,165.3 1 0
github.com/nutsdb/nutsdb/tx_zset.go:167.2,168.16 2 0
github.com/nutsdb/nutsdb/tx_zset.go:168.16,170.3 1 0
github.com/nutsdb/nutsdb/tx_zset.go:172.2,173.16 2 0
github.com/nutsdb/nutsdb/tx_zset.go:173.16,175.3 1 0
github.com/nutsdb/nutsdb/tx_zset.go:177.2,177.175 1 0
github.com/nutsdb/nutsdb/tx_zset.go:181.76,182.42 1 0
github.com/nutsdb/nutsdb/tx_zset.go:182.42,184.3 1 0
github.com/nutsdb/nutsdb/tx_zset.go:186.2,187.16 2 0
github.com/nutsdb/nutsdb/tx_zset.go:187.16,189.3 1 0
github.com/nutsdb/nutsdb/tx_zset.go:191.2,197.70 2 0
github.com/nutsdb/nutsdb/tx_zset.go:197.70,199.3 1 0
github.com/nutsdb/nutsdb/tx_zset.go:201.2,202.16 2 0
github.com/nutsdb/nutsdb/tx_zset.go:202.16,204.3 1 0
github.com/nutsdb/nutsdb/tx_zset.go:206.2,207.16 2 0
github.com/nutsdb/nutsdb/tx_zset.go:207.16,209.3 1 0
github.com/nutsdb/nutsdb/tx_zset.go:211.2,211.175 1 0
github.com/nutsdb/nutsdb/tx_zset.go:215.77,216.42 1 0
github.com/nutsdb/nutsdb/tx_zset.go:216.42,218.3 1 0
github.com/nutsdb/nutsdb/tx_zset.go:220.2,221.16 2 0
github.com/nutsdb/nutsdb/tx_zset.go:221.16,223.3 1 0
github.com/nutsdb/nutsdb/tx_zset.go:225.2,231.70 2 0
github.com/nutsdb/nutsdb/tx_zset.go:231.70,233.3 1 0
github.com/nutsdb/nutsdb/tx_zset.go:235.2,236.16 2 0
github.com/nutsdb/nutsdb/tx_zset.go:236.16,238.3 1 0
github.com/nutsdb/nutsdb/tx_zset.go:240.2,241.16 2 0
github.com/nutsdb/nutsdb/tx_zset.go:241.16,243.3 1 0
github.com/nutsdb/nutsdb/tx_zset.go:245.2,245.67 1 0
github.com/nutsdb/nutsdb/tx_zset.go:249.77,250.42 1 0
github.com/nutsdb/nutsdb/tx_zset.go:250.42,252.3 1 0
github.com/nutsdb/nutsdb/tx_zset.go:254.2,255.16 2 0
github.com/nutsdb/nutsdb/tx_zset.go:255.16,257.3 1 0
github.com/nutsdb/nutsdb/tx_zset.go:259.2,265.70 2 0
github.com/nutsdb/nutsdb/tx_zset.go:265.70,267.3 1 0
github.com/nutsdb/nutsdb/tx_zset.go:269.2,270.16 2 0
github.com/nutsdb/nutsdb/tx_zset.go:270.16,272.3 1 0
github.com/nutsdb/nutsdb/tx_zset.go:274.2,275.16 2 0
github.com/nutsdb/nutsdb/tx_zset.go:275.16,277.3 1 0
github.com/nutsdb/nutsdb/tx_zset.go:279.2,279.67 1 0
github.com/nutsdb/nutsdb/tx_zset.go:284.134,285.42 1 0
github.com/nutsdb/nutsdb/tx_zset.go:285.42,287.3 1 0
github.com/nutsdb/nutsdb/tx_zset.go:289.2,290.16 2 0
github.com/nutsdb/nutsdb/tx_zset.go:290.16,292.3 1 0
github.com/nutsdb/nutsdb/tx_zset.go:294.2,300.70 2 0
github.com/nutsdb/nutsdb/tx_zset.go:300.70,302.3 1 0
github.com/nutsdb/nutsdb/tx_zset.go:304.2,305.16 2 0
github.com/nutsdb/nutsdb/tx_zset.go:305.16,307.3 1 0
github.com/nutsdb/nutsdb/tx_zset.go:309.2,310.33 2 0
github.com/nutsdb/nutsdb/tx_zset.go:310.33,312.17 2 0
github.com/nutsdb/nutsdb/tx_zset.go:312.17,314.4 1 0
github.com/nutsdb/nutsdb/tx_zset.go:315.3,315.64 1 0
github.com/nutsdb/nutsdb/tx_zset.go:318.2,318.21 1 0
github.com/nutsdb/nutsdb/tx_zset.go:323.99,324.42 1 0
github.com/nutsdb/nutsdb/tx_zset.go:324.42,326.3 1 0
github.com/nutsdb/nutsdb/tx_zset.go:328.2,329.16 2 0
github.com/nutsdb/nutsdb/tx_zset.go:329.16,331.3 1 0
github.com/nutsdb/nutsdb/tx_zset.go:333.2,339.70 2 0
github.com/nutsdb/nutsdb/tx_zset.go:339.70,341.3 1 0
github.com/nutsdb/nutsdb/tx_zset.go:343.2,344.16 2 0
github.com/nutsdb/nutsdb/tx_zset.go:344.16,346.3 1 0
github.com/nutsdb/nutsdb/tx_zset.go:348.2,349.33 2 0
github.com/nutsdb/nutsdb/tx_zset.go:349.33,351.17 2 0
github.com/nutsdb/nutsdb/tx_zset.go:351.17,353.4 1 0
github.com/nutsdb/nutsdb/tx_zset.go:354.3,354.64 1 0
github.com/nutsdb/nutsdb/tx_zset.go:357.2,357.21 1 0
github.com/nutsdb/nutsdb/tx_zset.go:361.67,362.42 1 0
github.com/nutsdb/nutsdb/tx_zset.go:362.42,364.3 1 0
github.com/nutsdb/nutsdb/tx_zset.go:366.2,367.16 2 0
github.com/nutsdb/nutsdb/tx_zset.go:367.16,369.3 1 0
github.com/nutsdb/nutsdb/tx_zset.go:371.2,377.70 2 0
github.com/nutsdb/nutsdb/tx_zset.go:377.70,379.3 1 0
github.com/nutsdb/nutsdb/tx_zset.go:381.2,382.16 2 0
github.com/nutsdb/nutsdb/tx_zset.go:382.16,384.3 1 0
github.com/nutsdb/nutsdb/tx_zset.go:386.2,386.12 1 0
github.com/nutsdb/nutsdb/tx_zset.go:386.12,388.3 1 0
github.com/nutsdb/nutsdb/tx_zset.go:390.2,390.112 1 0
github.com/nutsdb/nutsdb/tx_zset.go:395.80,396.42 1 0
github.com/nutsdb/nutsdb/tx_zset.go:396.42,398.3 1 0
github.com/nutsdb/nutsdb/tx_zset.go:400.2,402.161 3 0
github.com/nutsdb/nutsdb/tx_zset.go:406.68,407.42 1 0
github.com/nutsdb/nutsdb/tx_zset.go:407.42,409.3 1 0
github.com/nutsdb/nutsdb/tx_zset.go:411.2,412.16 2 0
github.com/nutsdb/nutsdb/tx_zset.go:412.16,414.3 1 0
github.com/nutsdb/nutsdb/tx_zset.go:416.2,422.70 2 0
github.com/nutsdb/nutsdb/tx_zset.go:422.70,424.3 1 0
github.com/nutsdb/nutsdb/tx_zset.go:426.2,426.44 1 0
github.com/nutsdb/nutsdb/tx_zset.go:430.71,431.42 1 0
github.com/nutsdb/nutsdb/tx_zset.go:431.42,433.3 1 0
github.com/nutsdb/nutsdb/tx_zset.go:435.2,436.16 2 0
github.com/nutsdb/nutsdb/tx_zset.go:436.16,438.3 1 0
github.com/nutsdb/nutsdb/tx_zset.go:440.2,446.70 2 0
github.com/nutsdb/nutsdb/tx_zset.go:446.70,448.3 1 0
github.com/nutsdb/nutsdb/tx_zset.go:450.2,450.47 1 0
github.com/nutsdb/nutsdb/tx_zset.go:454.73,455.42 1 0
github.com/nutsdb/nutsdb/tx_zset.go:455.42,457.3 1 0
github.com/nutsdb/nutsdb/tx_zset.go:459.2,460.16 2 0
github.com/nutsdb/nutsdb/tx_zset.go:460.16,462.3 1 0
github.com/nutsdb/nutsdb/tx_zset.go:464.2,470.70 2 0
github.com/nutsdb/nutsdb/tx_zset.go:470.70,472.3 1 0
github.com/nutsdb/nutsdb/tx_zset.go:474.2,474.45 1 0
github.com/nutsdb/nutsdb/tx_zset.go:478.76,479.42 1 0
github.com/nutsdb/nutsdb/tx_zset.go:479.42,481.3 1 0
github.com/nutsdb/nutsdb/tx_zset.go:483.2,484.16 2 0
github.com/nutsdb/nutsdb/tx_zset.go:484.16,486.3 1 0
github.com/nutsdb/nutsdb/tx_zset.go:488.2,494.70 2 0
github.com/nutsdb/nutsdb/tx_zset.go:494.70,496.3 1 0
github.com/nutsdb/nutsdb/tx_zset.go:498.2,498.31 1 0
github.com/nutsdb/nutsdb/tx_zset.go:498.31,499.74 1 0
github.com/nutsdb/nutsdb/tx_zset.go:499.74,501.4 1 0
github.com/nutsdb/nutsdb/tx_zset.go:503.2,503.12 1 0
github.com/nutsdb/nutsdb/tx_zset.go:506.43,507.45 1 0
github.com/nutsdb/nutsdb/tx_zset.go:507.45,509.3 1 0
github.com/nutsdb/nutsdb/tx_zset.go:511.2,512.16 2 0
github.com/nutsdb/nutsdb/tx_zset.go:512.16,514.3 1 0
github.com/nutsdb/nutsdb/tx_zset.go:515.2,516.57 2 0
github.com/nutsdb/nutsdb/tx_zset.go:516.57,518.3 1 0
github.com/nutsdb/nutsdb/tx_zset.go:519.2,519.12 1 0
github.com/nutsdb/nutsdb/tx_zset.go:523.37,525.2 1 0
github.com/nutsdb/nutsdb/utils.go:29.48,31.22 2 0
github.com/nutsdb/nutsdb/utils.go:31.22,34.3 2 0
github.com/nutsdb/nutsdb/utils.go:35.2,35.64 1 0
github.com/nutsdb/nutsdb/utils.go:38.61,43.2 4 0
github.com/nutsdb/nutsdb/utils.go:45.61,50.2 4 0
github.com/nutsdb/nutsdb/utils.go:52.55,57.2 4 0
github.com/nutsdb/nutsdb/utils.go:59.49,64.2 4 0
github.com/nutsdb/nutsdb/utils.go:66.69,71.2 4 0
github.com/nutsdb/nutsdb/utils.go:73.45,75.16 2 0
github.com/nutsdb/nutsdb/utils.go:75.16,77.3 1 0
github.com/nutsdb/nutsdb/utils.go:78.2,80.18 3 0
github.com/nutsdb/nutsdb/utils.go:83.54,87.2 3 0
github.com/nutsdb/nutsdb/utils.go:91.71,92.19 1 0
github.com/nutsdb/nutsdb/utils.go:92.19,94.3 1 0
github.com/nutsdb/nutsdb/utils.go:95.2,95.44 1 0
github.com/nutsdb/nutsdb/utils.go:95.44,97.3 1 0
github.com/nutsdb/nutsdb/utils.go:98.2,98.15 1 0
github.com/nutsdb/nutsdb/utils.go:101.61,106.2 4 0
github.com/nutsdb/nutsdb/utils.go:111.27,120.29 8 0
github.com/nutsdb/nutsdb/utils.go:120.29,121.45 1 0
github.com/nutsdb/nutsdb/utils.go:121.45,125.39 4 0
github.com/nutsdb/nutsdb/utils.go:125.39,128.5 1 0
github.com/nutsdb/nutsdb/utils.go:129.9,133.4 3 0
github.com/nutsdb/nutsdb/utils.go:135.2,135.16 1 0
github.com/nutsdb/nutsdb/utils.go:135.16,139.3 3 0
github.com/nutsdb/nutsdb/utils.go:140.2,140.16 1 0
github.com/nutsdb/nutsdb/utils.go:140.16,144.3 3 0
github.com/nutsdb/nutsdb/utils.go:145.2,145.8 1 0
github.com/nutsdb/nutsdb/utils.go:153.30,155.2 1 0
github.com/nutsdb/nutsdb/utils.go:157.35,159.2 1 0
github.com/nutsdb/nutsdb/utils.go:161.40,163.2 1 0
github.com/nutsdb/nutsdb/value.go:16.26,18.3 1 0
github.com/nutsdb/nutsdb/value.go:21.29,27.2 4 0
github.com/nutsdb/nutsdb/value.go:29.31,31.2 1 0
github.com/nutsdb/nutsdb/value.go:33.31,35.14 2 0
github.com/nutsdb/nutsdb/value.go:35.14,37.3 1 0
github.com/nutsdb/nutsdb/value.go:38.2,39.22 2 0
github.com/nutsdb/nutsdb/value.go:42.34,47.2 4 0
github.com/nutsdb/nutsdb/watch_manager.go:26.108,34.2 1 0
github.com/nutsdb/nutsdb/watch_manager.go:57.38,67.2 3 1
github.com/nutsdb/nutsdb/watch_manager.go:70.61,71.31 1 1
github.com/nutsdb/nutsdb/watch_manager.go:71.31,73.3 1 0
github.com/nutsdb/nutsdb/watch_manager.go:75.2,75.9 1 1
github.com/nutsdb/nutsdb/watch_manager.go:76.31,77.13 1 1
github.com/nutsdb/nutsdb/watch_manager.go:78.29,79.31 1 0
github.com/nutsdb/nutsdb/watch_manager.go:80.10,81.32 1 0
github.com/nutsdb/nutsdb/watch_manager.go:86.50,91.12 3 1
github.com/nutsdb/nutsdb/watch_manager.go:91.12,94.3 2 1
github.com/nutsdb/nutsdb/watch_manager.go:97.2,98.12 2 1
github.com/nutsdb/nutsdb/watch_manager.go:98.12,101.3 2 1
github.com/nutsdb/nutsdb/watch_manager.go:103.2,105.12 2 1
github.com/nutsdb/nutsdb/watch_manager.go:109.40,112.15 2 1
github.com/nutsdb/nutsdb/watch_manager.go:112.15,114.23 1 1
github.com/nutsdb/nutsdb/watch_manager.go:114.23,115.11 1 0
github.com/nutsdb/nutsdb/watch_manager.go:116.38,116.38 0 0
github.com/nutsdb/nutsdb/watch_manager.go:117.12,118.86 1 0
github.com/nutsdb/nutsdb/watch_manager.go:122.3,122.27 1 1
github.com/nutsdb/nutsdb/watch_manager.go:125.2,125.51 1 1
github.com/nutsdb/nutsdb/watch_manager.go:125.51,126.10 1 1
github.com/nutsdb/nutsdb/watch_manager.go:127.35,127.35 0 1
github.com/nutsdb/nutsdb/watch_manager.go:128.30,128.30 0 0
github.com/nutsdb/nutsdb/watch_manager.go:129.11,130.104 1 0
github.com/nutsdb/nutsdb/watch_manager.go:134.2,134.6 1 1
github.com/nutsdb/nutsdb/watch_manager.go:134.6,135.10 1 1
github.com/nutsdb/nutsdb/watch_manager.go:136.34,137.11 1 1
github.com/nutsdb/nutsdb/watch_manager.go:137.11,139.5 1 0
github.com/nutsdb/nutsdb/watch_manager.go:140.4,140.34 1 1
github.com/nutsdb/nutsdb/watch_manager.go:141.30,142.10 1 1
github.com/nutsdb/nutsdb/watch_manager.go:145.2,146.7 1 1
github.com/nutsdb/nutsdb/watch_manager.go:146.7,147.36 1 1
github.com/nutsdb/nutsdb/watch_manager.go:147.36,150.21 3 0
github.com/nutsdb/nutsdb/watch_manager.go:153.4,153.11 1 1
github.com/nutsdb/nutsdb/watch_manager.go:154.35,155.12 1 1
github.com/nutsdb/nutsdb/watch_manager.go:155.12,157.6 1 0
github.com/nutsdb/nutsdb/watch_manager.go:158.5,158.35 1 1
github.com/nutsdb/nutsdb/watch_manager.go:160.31,161.11 1 0
github.com/nutsdb/nutsdb/watch_manager.go:163.12,164.25 1 1
github.com/nutsdb/nutsdb/watch_manager.go:164.25,167.6 2 1
github.com/nutsdb/nutsdb/watch_manager.go:168.5,168.21 1 1
github.com/nutsdb/nutsdb/watch_manager.go:175.42,176.6 1 1
github.com/nutsdb/nutsdb/watch_manager.go:176.6,177.10 1 1
github.com/nutsdb/nutsdb/watch_manager.go:178.41,179.11 1 1
github.com/nutsdb/nutsdb/watch_manager.go:179.11,181.5 1 0
github.com/nutsdb/nutsdb/watch_manager.go:182.4,182.35 1 1
github.com/nutsdb/nutsdb/watch_manager.go:184.30,186.8 1 1
github.com/nutsdb/nutsdb/watch_manager.go:186.8,187.12 1 1
github.com/nutsdb/nutsdb/watch_manager.go:188.43,189.13 1 1
github.com/nutsdb/nutsdb/watch_manager.go:189.13,191.7 1 1
github.com/nutsdb/nutsdb/watch_manager.go:192.6,192.37 1 0
github.com/nutsdb/nutsdb/watch_manager.go:193.13,194.12 1 1
github.com/nutsdb/nutsdb/watch_manager.go:202.74,206.24 3 1
github.com/nutsdb/nutsdb/watch_manager.go:206.24,208.3 1 0
github.com/nutsdb/nutsdb/watch_manager.go:210.2,210.35 1 1
github.com/nutsdb/nutsdb/watch_manager.go:210.35,212.11 2 1
github.com/nutsdb/nutsdb/watch_manager.go:212.11,213.12 1 0
github.com/nutsdb/nutsdb/watch_manager.go:216.3,218.11 3 1
github.com/nutsdb/nutsdb/watch_manager.go:218.11,219.12 1 0
github.com/nutsdb/nutsdb/watch_manager.go:223.3,223.10 1 1
github.com/nutsdb/nutsdb/watch_manager.go:224.42,225.31 1 1
github.com/nutsdb/nutsdb/watch_manager.go:226.11,228.55 2 1
github.com/nutsdb/nutsdb/watch_manager.go:228.55,232.93 2 1
github.com/nutsdb/nutsdb/watch_manager.go:232.93,234.49 2 1
github.com/nutsdb/nutsdb/watch_manager.go:234.49,236.7 1 1
github.com/nutsdb/nutsdb/watch_manager.go:238.6,238.28 1 1
github.com/nutsdb/nutsdb/watch_manager.go:238.28,241.7 2 1
github.com/nutsdb/nutsdb/watch_manager.go:247.2,247.12 1 1
github.com/nutsdb/nutsdb/watch_manager.go:251.95,252.31 1 1
github.com/nutsdb/nutsdb/watch_manager.go:252.31,254.3 1 0
github.com/nutsdb/nutsdb/watch_manager.go:256.2,258.41 3 1
github.com/nutsdb/nutsdb/watch_manager.go:258.41,260.3 1 1
github.com/nutsdb/nutsdb/watch_manager.go:262.2,262.54 1 1
github.com/nutsdb/nutsdb/watch_manager.go:262.54,265.3 2 0
github.com/nutsdb/nutsdb/watch_manager.go:267.2,277.25 4 1
github.com/nutsdb/nutsdb/watch_manager.go:281.78,286.16 4 1
github.com/nutsdb/nutsdb/watch_manager.go:286.16,288.3 1 0
github.com/nutsdb/nutsdb/watch_manager.go:289.2,290.30 2 1
github.com/nutsdb/nutsdb/watch_manager.go:290.30,291.25 1 1
github.com/nutsdb/nutsdb/watch_manager.go:291.25,294.4 2 1
github.com/nutsdb/nutsdb/watch_manager.go:295.3,295.37 1 1
github.com/nutsdb/nutsdb/watch_manager.go:298.2,298.37 1 1
github.com/nutsdb/nutsdb/watch_manager.go:298.37,300.3 1 1
github.com/nutsdb/nutsdb/watch_manager.go:302.2,302.12 1 1
github.com/nutsdb/nutsdb/watch_manager.go:305.46,309.43 3 1
github.com/nutsdb/nutsdb/watch_manager.go:309.43,310.40 1 1
github.com/nutsdb/nutsdb/watch_manager.go:310.40,311.26 1 1
github.com/nutsdb/nutsdb/watch_manager.go:311.26,314.5 2 1
github.com/nutsdb/nutsdb/watch_manager.go:315.4,315.37 1 1
github.com/nutsdb/nutsdb/watch_manager.go:318.3,318.28 1 1
github.com/nutsdb/nutsdb/watch_manager.go:322.39,323.31 1 1
github.com/nutsdb/nutsdb/watch_manager.go:323.31,325.3 1 0
github.com/nutsdb/nutsdb/watch_manager.go:327.2,331.12 3 1
github.com/nutsdb/nutsdb/watch_manager.go:334.108,335.41 1 1
github.com/nutsdb/nutsdb/watch_manager.go:335.41,337.3 1 0
github.com/nutsdb/nutsdb/watch_manager.go:338.2,338.46 1 1
github.com/nutsdb/nutsdb/watch_manager.go:338.46,340.3 1 0
github.com/nutsdb/nutsdb/watch_manager.go:342.2,342.40 1 1
github.com/nutsdb/nutsdb/watch_manager.go:345.48,347.2 1 1
github.com/nutsdb/nutsdb/watch_manager.go:349.41,351.2 1 0
